2025-01-22 12:09:31,545 [INFO] Activator:176 - 


2025-01-22 12:09:31,548 [INFO] Activator:177 - !SESSION log4j initialized
2025-01-22 12:09:34,321 [INFO] LogOutputStream:77 - [STDOUT_REDIRECT] 
2025-01-22 12:09:35,869 [INFO] ApplicationProperties:184 - Using Application install path: /opt/st/stm32cubeide_1.17.0/plugins/com.st.stm32cube.common.mx_6.13.0.202411220809
2025-01-22 12:09:35,878 [INFO] DbMcusXml:78 - Set database path to: /opt/st/stm32cubeide_1.17.0/plugins/com.st.stm32cube.common.mx_6.13.0.202411220809//db//mcu/
2025-01-22 12:09:35,878 [INFO] ApiDb:274 - Set plugin database path to: /opt/st/stm32cubeide_1.17.0/plugins/com.st.stm32cube.common.mx_6.13.0.202411220809//db//plugins/boardmanager/
2025-01-22 12:09:35,878 [WARN] ApiDb:259 - Overriding images path with different value:  => /opt/st/stm32cubeide_1.17.0/plugins/com.st.stm32cube.common.mx_6.13.0.202411220809//db//plugins/mcufinder/images/
2025-01-22 12:09:35,885 [INFO] ApiDb:250 - Set database path to: /home/mykola/.stmcufinder/plugins/mcufinder//mcu/
2025-01-22 12:09:35,885 [INFO] DbMcusAds:125 - Set database path to: /home/mykola/.stmcufinder/plugins/mcufinder//mcu/
2025-01-22 12:09:35,887 [INFO] CrossReferenceDbSqlite:203 - Set database path to: /home/mykola/.stmcufinder/plugins/mcufinder//mcu/cs/
2025-01-22 12:09:35,956 [INFO] RulesReader:64 - Compatibility file has been processed (297 Rules)
2025-01-22 12:09:36,003 [INFO] DbMcusXml:78 - Set database path to: /opt/st/stm32cubeide_1.17.0/plugins/com.st.stm32cube.common.mx_6.13.0.202411220809//db//mcu/
2025-01-22 12:09:36,003 [INFO] ApiDb:274 - Set plugin database path to: /opt/st/stm32cubeide_1.17.0/plugins/com.st.stm32cube.common.mx_6.13.0.202411220809//db//plugins/boardmanager/
2025-01-22 12:09:36,003 [INFO] ApiDb:261 - Set plugin images path to: /opt/st/stm32cubeide_1.17.0/plugins/com.st.stm32cube.common.mx_6.13.0.202411220809//db//plugins/mcufinder/images/
2025-01-22 12:09:36,003 [WARN] DbFile:41 - Overriding database path with different value: /home/mykola/.stmcufinder/plugins/mcufinder/ => /home/mykola/.stmcufinder/plugins/mcufinder
2025-01-22 12:09:36,004 [INFO] ApiDb:250 - Set database path to: /home/mykola/.stmcufinder/plugins/mcufinder//mcu/
2025-01-22 12:09:36,004 [WARN] DbFile:41 - Overriding database path with different value: /home/mykola/.stmcufinder/plugins/mcufinder/ => /home/mykola/.stmcufinder/plugins/mcufinder
2025-01-22 12:09:36,004 [INFO] DbMcusAds:125 - Set database path to: /home/mykola/.stmcufinder/plugins/mcufinder//mcu/
2025-01-22 12:09:36,004 [WARN] DbFile:41 - Overriding database path with different value: /home/mykola/.stmcufinder/plugins/mcufinder/ => /home/mykola/.stmcufinder/plugins/mcufinder
2025-01-22 12:09:36,004 [WARN] DbFile:41 - Overriding database path with different value: /home/mykola/.stmcufinder/plugins/mcufinder/ => /home/mykola/.stmcufinder/plugins/mcufinder
2025-01-22 12:09:36,004 [INFO] CrossReferenceDbSqlite:203 - Set database path to: /home/mykola/.stmcufinder/plugins/mcufinder//mcu/cs/
2025-01-22 12:09:36,055 [INFO] MainPanel:272 - HeapMemory: 268435456
2025-01-22 12:09:36,183 [INFO] DbMcusXml:78 - Set database path to: /opt/st/stm32cubeide_1.17.0/plugins/com.st.stm32cube.common.mx_6.13.0.202411220809//db//mcu/
2025-01-22 12:09:36,183 [INFO] ApiDb:274 - Set plugin database path to: /opt/st/stm32cubeide_1.17.0/plugins/com.st.stm32cube.common.mx_6.13.0.202411220809//db//plugins/boardmanager/
2025-01-22 12:09:36,184 [INFO] ApiDb:261 - Set plugin images path to: /opt/st/stm32cubeide_1.17.0/plugins/com.st.stm32cube.common.mx_6.13.0.202411220809//db//plugins/mcufinder/images/
2025-01-22 12:09:36,184 [WARN] DbFile:41 - Overriding database path with different value: /home/mykola/.stmcufinder/plugins/mcufinder/ => /home/mykola/.stmcufinder/plugins/mcufinder
2025-01-22 12:09:36,184 [INFO] ApiDb:250 - Set database path to: /home/mykola/.stmcufinder/plugins/mcufinder//mcu/
2025-01-22 12:09:36,184 [WARN] DbFile:41 - Overriding database path with different value: /home/mykola/.stmcufinder/plugins/mcufinder/ => /home/mykola/.stmcufinder/plugins/mcufinder
2025-01-22 12:09:36,184 [INFO] DbMcusAds:125 - Set database path to: /home/mykola/.stmcufinder/plugins/mcufinder//mcu/
2025-01-22 12:09:36,184 [WARN] DbFile:41 - Overriding database path with different value: /home/mykola/.stmcufinder/plugins/mcufinder/ => /home/mykola/.stmcufinder/plugins/mcufinder
2025-01-22 12:09:36,184 [WARN] DbFile:41 - Overriding database path with different value: /home/mykola/.stmcufinder/plugins/mcufinder/ => /home/mykola/.stmcufinder/plugins/mcufinder
2025-01-22 12:09:36,184 [INFO] CrossReferenceDbSqlite:203 - Set database path to: /home/mykola/.stmcufinder/plugins/mcufinder//mcu/cs/
2025-01-22 12:09:36,195 [INFO] ApplicationProperties:184 - Using Application install path: /opt/st/stm32cubeide_1.17.0/plugins/com.st.stm32cube.common.mx_6.13.0.202411220809
2025-01-22 12:09:36,197 [INFO] PluginManage:196 - Search for loadable plugins [exclusion list=, ]
2025-01-22 12:09:36,198 [INFO] PluginManage:310 - Check plugin analytics
2025-01-22 12:09:36,310 [INFO] AnalyticsPlugin:253 - Accepted Software Licenses: 
2025-01-22 12:09:36,311 [INFO] AnalyticsPlugin:255 - Accepted CMSIS Pack Licenses: 
2025-01-22 12:09:36,311 [INFO] AnalyticsPlugin:257 - Accepted Firmware Licenses: 
2025-01-22 12:09:36,313 [INFO] PluginManage:359 - Loaded plugin analytics (category:tool,tabindex:-1)
2025-01-22 12:09:36,313 [INFO] PluginManage:310 - Check plugin cadmodel
2025-01-22 12:09:36,318 [INFO] CADModel:105 - Init CAD model plugin
2025-01-22 12:09:36,318 [INFO] PluginManage:359 - Loaded plugin cadmodel (category:power,tabindex:5)
2025-01-22 12:09:36,318 [INFO] PluginManage:310 - Check plugin clock
2025-01-22 12:09:36,325 [INFO] PluginManage:359 - Loaded plugin clock (category:base,tabindex:2)
2025-01-22 12:09:36,325 [INFO] PluginManage:310 - Check plugin ddr
2025-01-22 12:09:36,328 [INFO] PluginManage:359 - Loaded plugin ddr (category:tool,tabindex:6)
2025-01-22 12:09:36,328 [INFO] PluginManage:310 - Check plugin filemanager
2025-01-22 12:09:36,434 [INFO] PluginManage:359 - Loaded plugin filemanager (category:base,tabindex:10)
2025-01-22 12:09:36,434 [INFO] PluginManage:310 - Check plugin ipmanager
2025-01-22 12:09:36,438 [INFO] PluginManage:359 - Loaded plugin ipmanager (category:base,tabindex:5)
2025-01-22 12:09:36,438 [INFO] PluginManage:310 - Check plugin lpbam
2025-01-22 12:09:36,446 [INFO] PluginManage:359 - Loaded plugin lpbam (category:base,tabindex:0)
2025-01-22 12:09:36,446 [INFO] PluginManage:310 - Check plugin memorymap
2025-01-22 12:09:36,454 [INFO] PluginManage:359 - Loaded plugin memorymap (category:base,tabindex:4)
2025-01-22 12:09:36,454 [INFO] PluginManage:310 - Check plugin pinoutandconfiguration
2025-01-22 12:09:36,462 [INFO] PluginManage:359 - Loaded plugin pinoutandconfiguration (category:base,tabindex:1)
2025-01-22 12:09:36,462 [INFO] PluginManage:310 - Check plugin pinoutconfig
2025-01-22 12:09:36,522 [WARN] SupportedApi:132 - Cannot load RTOS API schema: s4s-elt-must-match.1: The content of 'definitions' must match (annotation?, (simpleType | complexType)?, (unique | key | keyref)*)). A problem was found starting at: attribute.
2025-01-22 12:09:36,620 [INFO] PluginManage:359 - Loaded plugin pinoutconfig (category:base,tabindex:0)
2025-01-22 12:09:36,621 [INFO] PluginManage:310 - Check plugin power
2025-01-22 12:09:36,629 [INFO] PluginManage:359 - Loaded plugin power (category:power,tabindex:4)
2025-01-22 12:09:36,629 [INFO] PluginManage:310 - Check plugin projectmanager
2025-01-22 12:09:36,640 [INFO] PluginManage:359 - Loaded plugin projectmanager (category:projectmanager,tabindex:4)
2025-01-22 12:09:36,641 [INFO] PluginManage:310 - Check plugin rif
2025-01-22 12:09:36,648 [INFO] PluginManage:359 - Loaded plugin rif (category:base,tabindex:3)
2025-01-22 12:09:36,648 [INFO] PluginManage:310 - Check plugin thirdparty
2025-01-22 12:09:36,732 [INFO] PluginManage:359 - Loaded plugin thirdparty (category:base,tabindex:-1)
2025-01-22 12:09:36,732 [WARN] IntegrityCheckThread:84 - waiting for thirdparty lock release [integrity check]
2025-01-22 12:09:36,732 [INFO] PluginManage:310 - Check plugin tools
2025-01-22 12:09:36,732 [INFO] IntegrityCheckThread:86 - entering critical section [integrity check]
2025-01-22 12:09:36,733 [INFO] ThirdPartyUpdaterWithRetryManager:70 - Updater plugin not ready yet. [1/15]
2025-01-22 12:09:36,734 [INFO] PluginManage:359 - Loaded plugin tools (category:base,tabindex:7)
2025-01-22 12:09:36,734 [INFO] PluginManage:310 - Check plugin tutovideos
2025-01-22 12:09:36,851 [INFO] PluginManage:359 - Loaded plugin tutovideos (category:base,tabindex:-1)
2025-01-22 12:09:36,851 [INFO] PluginManage:310 - Check plugin updater
2025-01-22 12:09:36,870 [INFO] PluginManage:359 - Loaded plugin updater (category:base,tabindex:12)
2025-01-22 12:09:36,870 [INFO] PluginManage:310 - Check plugin userauth
2025-01-22 12:09:36,873 [INFO] UserAuth:118 - Init User Auth plugin
2025-01-22 12:09:36,874 [INFO] PluginManage:359 - Loaded plugin userauth (category:base,tabindex:14)
2025-01-22 12:09:36,875 [INFO] PluginManage:283 - PluginManage : Loaded plugins [18]
2025-01-22 12:09:37,015 [INFO] PinOutPanel:1589 - setPackage(No Configuration,No Configuration)
2025-01-22 12:09:37,065 [INFO] CADModel:165 - CPN selected for project level
2025-01-22 12:09:37,065 [INFO] CADModel:114 - Register for checkConnection events
2025-01-22 12:09:37,077 [INFO] IPUIPlugin:80 - create IPUIPlugin
2025-01-22 12:09:37,078 [INFO] PluginManager:220 - loadIPPluginJar : add adc
2025-01-22 12:09:37,079 [INFO] IPUIPlugin:80 - create IPUIPlugin
2025-01-22 12:09:37,080 [INFO] PluginManager:220 - loadIPPluginJar : add aes
2025-01-22 12:09:37,082 [INFO] IPUIPlugin:80 - create IPUIPlugin
2025-01-22 12:09:37,082 [INFO] PluginManager:220 - loadIPPluginJar : add can
2025-01-22 12:09:37,083 [INFO] IPUIPlugin:80 - create IPUIPlugin
2025-01-22 12:09:37,083 [INFO] PluginManager:220 - loadIPPluginJar : add comp
2025-01-22 12:09:37,086 [INFO] IPUIPlugin:80 - create IPUIPlugin
2025-01-22 12:09:37,086 [INFO] PluginManager:220 - loadIPPluginJar : add cryp
2025-01-22 12:09:37,088 [INFO] IPUIPlugin:80 - create IPUIPlugin
2025-01-22 12:09:37,089 [INFO] PluginManager:220 - loadIPPluginJar : add ddr_ctrl_phy
2025-01-22 12:09:37,090 [INFO] IPUIPlugin:80 - create IPUIPlugin
2025-01-22 12:09:37,090 [INFO] PluginManager:220 - loadIPPluginJar : add dfsdm
2025-01-22 12:09:37,094 [INFO] IPUIPlugin:80 - create IPUIPlugin
2025-01-22 12:09:37,095 [INFO] PluginManager:220 - loadIPPluginJar : add dma
2025-01-22 12:09:37,097 [INFO] IPUIPlugin:80 - create IPUIPlugin
2025-01-22 12:09:37,097 [INFO] PluginManager:220 - loadIPPluginJar : add dma3
2025-01-22 12:09:37,099 [INFO] IPUIPlugin:80 - create IPUIPlugin
2025-01-22 12:09:37,099 [INFO] PluginManager:220 - loadIPPluginJar : add extmemmanager
2025-01-22 12:09:37,100 [INFO] IPUIPlugin:80 - create IPUIPlugin
2025-01-22 12:09:37,100 [INFO] PluginManager:220 - loadIPPluginJar : add fatfs
2025-01-22 12:09:37,104 [INFO] IPUIPlugin:80 - create IPUIPlugin
2025-01-22 12:09:37,104 [INFO] PluginManager:220 - loadIPPluginJar : add fmc
2025-01-22 12:09:37,109 [INFO] IPUIPlugin:80 - create IPUIPlugin
2025-01-22 12:09:37,110 [INFO] PluginManager:220 - loadIPPluginJar : add freertos
2025-01-22 12:09:37,111 [INFO] IPUIPlugin:80 - create IPUIPlugin
2025-01-22 12:09:37,111 [INFO] PluginManager:220 - loadIPPluginJar : add genericplugin
2025-01-22 12:09:37,113 [INFO] IPUIPlugin:80 - create IPUIPlugin
2025-01-22 12:09:37,113 [INFO] PluginManager:220 - loadIPPluginJar : add gfxmmu
2025-01-22 12:09:37,117 [INFO] IPUIPlugin:80 - create IPUIPlugin
2025-01-22 12:09:37,117 [INFO] PluginManager:220 - loadIPPluginJar : add gic
2025-01-22 12:09:37,122 [INFO] IPUIPlugin:80 - create IPUIPlugin
2025-01-22 12:09:37,122 [INFO] PluginManager:220 - loadIPPluginJar : add gpio
2025-01-22 12:09:37,124 [INFO] IPUIPlugin:80 - create IPUIPlugin
2025-01-22 12:09:37,125 [INFO] PluginManager:220 - loadIPPluginJar : add gtzc
2025-01-22 12:09:37,126 [INFO] IPUIPlugin:80 - create IPUIPlugin
2025-01-22 12:09:37,126 [INFO] PluginManager:220 - loadIPPluginJar : add hash
2025-01-22 12:09:37,128 [INFO] IPUIPlugin:80 - create IPUIPlugin
2025-01-22 12:09:37,129 [INFO] PluginManager:220 - loadIPPluginJar : add i2c
2025-01-22 12:09:37,130 [INFO] IPUIPlugin:80 - create IPUIPlugin
2025-01-22 12:09:37,130 [INFO] PluginManager:220 - loadIPPluginJar : add i2s
2025-01-22 12:09:37,132 [INFO] IPUIPlugin:80 - create IPUIPlugin
2025-01-22 12:09:37,132 [INFO] PluginManager:220 - loadIPPluginJar : add i3c
2025-01-22 12:09:37,135 [INFO] IPUIPlugin:80 - create IPUIPlugin
2025-01-22 12:09:37,135 [INFO] PluginManager:220 - loadIPPluginJar : add ipddr
2025-01-22 12:09:37,140 [INFO] IPUIPlugin:80 - create IPUIPlugin
2025-01-22 12:09:37,140 [INFO] PluginManager:220 - loadIPPluginJar : add linkedlist
2025-01-22 12:09:37,142 [INFO] IPUIPlugin:80 - create IPUIPlugin
2025-01-22 12:09:37,142 [INFO] PluginManager:220 - loadIPPluginJar : add lorawan
2025-01-22 12:09:37,144 [INFO] IPUIPlugin:80 - create IPUIPlugin
2025-01-22 12:09:37,144 [INFO] PluginManager:220 - loadIPPluginJar : add ltdc
2025-01-22 12:09:37,148 [INFO] IPUIPlugin:80 - create IPUIPlugin
2025-01-22 12:09:37,148 [INFO] PluginManager:220 - loadIPPluginJar : add mdma
2025-01-22 12:09:37,151 [INFO] IPUIPlugin:80 - create IPUIPlugin
2025-01-22 12:09:37,151 [INFO] PluginManager:220 - loadIPPluginJar : add nvic
2025-01-22 12:09:37,153 [INFO] IPUIPlugin:80 - create IPUIPlugin
2025-01-22 12:09:37,153 [INFO] PluginManager:220 - loadIPPluginJar : add opamp
2025-01-22 12:09:37,156 [INFO] IPUIPlugin:80 - create IPUIPlugin
2025-01-22 12:09:37,156 [INFO] PluginManager:220 - loadIPPluginJar : add openamp
2025-01-22 12:09:37,159 [INFO] IPUIPlugin:80 - create IPUIPlugin
2025-01-22 12:09:37,159 [INFO] PluginManager:220 - loadIPPluginJar : add pdm2pcm
2025-01-22 12:09:37,164 [INFO] IPUIPlugin:80 - create IPUIPlugin
2025-01-22 12:09:37,166 [INFO] PluginManager:220 - loadIPPluginJar : add plateformsettings
2025-01-22 12:09:37,168 [INFO] IPUIPlugin:80 - create IPUIPlugin
2025-01-22 12:09:37,168 [INFO] PluginManager:220 - loadIPPluginJar : add quadspi
2025-01-22 12:09:37,169 [INFO] IPUIPlugin:80 - create IPUIPlugin
2025-01-22 12:09:37,170 [INFO] PluginManager:220 - loadIPPluginJar : add radio
2025-01-22 12:09:37,174 [INFO] IPUIPlugin:80 - create IPUIPlugin
2025-01-22 12:09:37,175 [INFO] PluginManager:220 - loadIPPluginJar : add resmgrutility
2025-01-22 12:09:37,177 [INFO] IPUIPlugin:80 - create IPUIPlugin
2025-01-22 12:09:37,178 [INFO] PluginManager:220 - loadIPPluginJar : add sai
2025-01-22 12:09:37,179 [INFO] IPUIPlugin:80 - create IPUIPlugin
2025-01-22 12:09:37,180 [INFO] PluginManager:220 - loadIPPluginJar : add spi
2025-01-22 12:09:37,184 [INFO] IPUIPlugin:80 - create IPUIPlugin
2025-01-22 12:09:37,185 [INFO] PluginManager:220 - loadIPPluginJar : add stm32_wpan
2025-01-22 12:09:37,186 [INFO] IPUIPlugin:80 - create IPUIPlugin
2025-01-22 12:09:37,186 [INFO] PluginManager:220 - loadIPPluginJar : add tim
2025-01-22 12:09:37,190 [INFO] IPUIPlugin:80 - create IPUIPlugin
2025-01-22 12:09:37,190 [INFO] PluginManager:220 - loadIPPluginJar : add touchsensing
2025-01-22 12:09:37,192 [INFO] IPUIPlugin:80 - create IPUIPlugin
2025-01-22 12:09:37,192 [INFO] PluginManager:220 - loadIPPluginJar : add tracer_emb
2025-01-22 12:09:37,194 [INFO] IPUIPlugin:80 - create IPUIPlugin
2025-01-22 12:09:37,195 [INFO] PluginManager:220 - loadIPPluginJar : add ts
2025-01-22 12:09:37,196 [INFO] IPUIPlugin:80 - create IPUIPlugin
2025-01-22 12:09:37,196 [INFO] PluginManager:220 - loadIPPluginJar : add tsc
2025-01-22 12:09:37,198 [INFO] IPUIPlugin:80 - create IPUIPlugin
2025-01-22 12:09:37,198 [INFO] PluginManager:220 - loadIPPluginJar : add ucpd
2025-01-22 12:09:37,200 [INFO] IPUIPlugin:80 - create IPUIPlugin
2025-01-22 12:09:37,200 [INFO] PluginManager:220 - loadIPPluginJar : add usart
2025-01-22 12:09:37,202 [INFO] IPUIPlugin:80 - create IPUIPlugin
2025-01-22 12:09:37,203 [INFO] PluginManager:220 - loadIPPluginJar : add usbx
2025-01-22 12:09:37,299 [FATAL] Updater:351 - Updater called before beeing initialized
2025-01-22 12:09:37,322 [INFO] RulesReader:64 - Compatibility file has been processed (297 Rules)
2025-01-22 12:09:37,330 [INFO] RulesReader:64 - Compatibility file has been processed (297 Rules)
2025-01-22 12:09:37,335 [INFO] CADModel:165 - CPN selected for project level
2025-01-22 12:09:37,335 [INFO] CADModel:114 - Register for checkConnection events
2025-01-22 12:09:37,336 [FATAL] Updater:351 - Updater called before beeing initialized
2025-01-22 12:09:37,336 [ERROR] CADModel:125 - Updater not yet initialized, retry later 
2025-01-22 12:09:37,414 [FATAL] Updater:351 - Updater called before beeing initialized
2025-01-22 12:09:37,415 [INFO] CADModel:165 - CPN selected for project level
2025-01-22 12:09:37,415 [INFO] CADModel:114 - Register for checkConnection events
2025-01-22 12:09:37,415 [FATAL] Updater:351 - Updater called before beeing initialized
2025-01-22 12:09:37,415 [ERROR] CADModel:125 - Updater not yet initialized, retry later 
2025-01-22 12:09:37,417 [FATAL] Updater:351 - Updater called before beeing initialized
2025-01-22 12:09:37,468 [FATAL] Updater:351 - Updater called before beeing initialized
2025-01-22 12:09:37,470 [INFO] DbMcusAds:53 - JSON generation date=Tue Dec 17 18:01:15 EET 2024 (1734451275143)
2025-01-22 12:09:37,471 [FATAL] Updater:351 - Updater called before beeing initialized
2025-01-22 12:09:37,498 [WARN] DetailPanel:346 - Failed to get advertising image, set to default
2025-01-22 12:09:37,675 [FATAL] Updater:351 - Updater called before beeing initialized
2025-01-22 12:09:37,676 [FATAL] Updater:351 - Updater called before beeing initialized
2025-01-22 12:09:37,676 [FATAL] Updater:351 - Updater called before beeing initialized
2025-01-22 12:09:37,676 [WARN] DetailPanel:346 - Failed to get advertising image, set to default
2025-01-22 12:09:37,677 [FATAL] Updater:351 - Updater called before beeing initialized
2025-01-22 12:09:37,701 [ERROR] Updater:1198 - MainUpdater not yet initialized. External WinMGr cannot be set.
2025-01-22 12:09:37,702 [INFO] Updater:1134 - Updater Version found : 6.13.0
2025-01-22 12:09:37,714 [INFO] ApplicationProperties:184 - Using Application install path: /opt/st/stm32cubeide_1.17.0/plugins/com.st.stm32cube.common.mx_6.13.0.202411220809
2025-01-22 12:09:37,891 [INFO] MainUpdater:2872 - connection check result : 10
2025-01-22 12:09:37,892 [INFO] MainUpdater:289 - Updater Check For Update Now.
2025-01-22 12:09:37,892 [INFO] MicroXplorer:498 - Change Database Version : DB.6.0.130
2025-01-22 12:09:37,896 [INFO] McuFinderGlobals:63 - Set McuFinder mode to 2 (CubeIDE integrated)
2025-01-22 12:09:37,896 [INFO] UserAuth:171 - activating auth plugin
2025-01-22 12:09:37,899 [INFO] UserAuth:486 - Internet connection configuration mode: 1
2025-01-22 12:09:37,921 [INFO] JxBrowserEngine:152 - Initiate JxBrowser Engine with user profile folder
2025-01-22 12:09:38,051 [INFO] CheckServerUpdateThread:120 - End of CheckServer Thread
2025-01-22 12:09:38,759 [INFO] WebApp:168 - Instantiating new browser for Auth
2025-01-22 12:09:39,150 [INFO] WebApp:449 - Apply proxy settings
2025-01-22 12:09:39,150 [INFO] WebApp:534 - Chromium requires no authentication
2025-01-22 12:09:39,163 [INFO] WebApp:477 - Direct internet connection detected
2025-01-22 12:09:39,176 [INFO] WebApp:880 - Register for checkConnection events
2025-01-22 12:09:39,176 [INFO] WebApp:449 - Apply proxy settings
2025-01-22 12:09:39,176 [INFO] WebApp:534 - Chromium requires no authentication
2025-01-22 12:09:39,177 [INFO] WebApp:477 - Direct internet connection detected
2025-01-22 12:09:39,266 [INFO] WebApp:221 - Starting web application
2025-01-22 12:09:39,266 [INFO] WebApp:579 - Web application path used /opt/st/stm32cubeide_1.17.0/plugins/com.st.stm32cube.common.mx_6.13.0.202411220809/db/plugins/mcufinder/reactClient1/index.html
2025-01-22 12:09:39,619 [INFO] WebApp:187 - Connection restablished
2025-01-22 12:09:39,836 [WARN] PackLoader:240 - Cannot read IP mode file for STMicroelectronics.FP-SNS-MOTENVWB1.1.4.0
2025-01-22 12:09:39,841 [WARN] PackLoader:240 - Cannot read IP mode file for STMicroelectronics.FP-ATR-ASTRA1.2.0.1
2025-01-22 12:09:39,846 [WARN] PackLoader:240 - Cannot read IP mode file for STMicroelectronics.X-CUBE-SMBUS.2.1.0
2025-01-22 12:09:39,851 [WARN] PackLoader:240 - Cannot read IP mode file for STMicroelectronics.X-CUBE-WB05N.1.1.0
2025-01-22 12:09:39,871 [WARN] PackLoader:240 - Cannot read IP mode file for STMicroelectronics.X-CUBE-AZRTOS-F7.1.1.0
2025-01-22 12:09:39,877 [WARN] PackLoader:240 - Cannot read IP mode file for STMicroelectronics.FP-SNS-FLIGHT1.5.0.2
2025-01-22 12:09:39,894 [WARN] PackLoader:240 - Cannot read IP mode file for Infineon.AIROC-Wi-Fi-Bluetooth-STM32.1.7.0
2025-01-22 12:09:39,905 [WARN] PackLoader:240 - Cannot read IP mode file for STMicroelectronics.X-CUBE-DISPLAY.3.0.0
2025-01-22 12:09:39,913 [WARN] PackLoader:240 - Cannot read IP mode file for STMicroelectronics.X-CUBE-BLE1.7.0.0
2025-01-22 12:09:39,918 [WARN] PackLoader:240 - Cannot read IP mode file for STMicroelectronics.X-CUBE-NFC10.1.0.0
2025-01-22 12:09:39,926 [WARN] PackLoader:240 - Cannot read IP mode file for STMicroelectronics.X-CUBE-BLEMGR.4.0.0
2025-01-22 12:09:39,932 [WARN] PackLoader:240 - Cannot read IP mode file for emotas.I-CUBE-CANOPEN.1.3.0
2025-01-22 12:09:39,936 [WARN] PackLoader:240 - Cannot read IP mode file for STMicroelectronics.FP-SNS-SMARTAG2.1.2.0
2025-01-22 12:09:39,969 [WARN] PackLoader:240 - Cannot read IP mode file for STMicroelectronics.X-CUBE-MEMS1.11.1.0
2025-01-22 12:09:40,104 [INFO] LogOutputStream:77 - [STDOUT_REDIRECT] 1 : Invalid condition id : UX_CORESTACK_Condition cause : null
2025-01-22 12:09:40,105 [INFO] LogOutputStream:77 - [STDOUT_REDIRECT] 1 : Invalid condition id : UX_CORESTACK_Condition cause : null
2025-01-22 12:09:40,105 [INFO] LogOutputStream:77 - [STDOUT_REDIRECT] 1 : Invalid condition id : UX_CORESTACK_Condition cause : null
2025-01-22 12:09:40,106 [INFO] LogOutputStream:77 - [STDOUT_REDIRECT] 1 : Invalid condition id : UX_CORESTACK_Condition cause : null
2025-01-22 12:09:40,106 [INFO] LogOutputStream:77 - [STDOUT_REDIRECT] 1 : Invalid condition id : UX_CORESTACK_Condition cause : null
2025-01-22 12:09:40,109 [WARN] PackLoader:240 - Cannot read IP mode file for STMicroelectronics.X-CUBE-AZRTOS-WL.2.0.0
2025-01-22 12:09:40,132 [WARN] PackLoader:240 - Cannot read IP mode file for STMicroelectronics.FP-SNS-MOTENV1.5.0.0
2025-01-22 12:09:40,138 [WARN] PackLoader:240 - Cannot read IP mode file for wolfSSL.I-CUBE-wolfMQTT.1.19.0
2025-01-22 12:09:40,145 [WARN] PackLoader:240 - Cannot read IP mode file for WES.I-CUBE-Cesium.1.3.0
2025-01-22 12:09:40,150 [WARN] PackLoader:240 - Cannot read IP mode file for STMicroelectronics.X-CUBE-BLE2.3.3.0
2025-01-22 12:09:40,156 [WARN] PackLoader:240 - Cannot read IP mode file for STMicroelectronics.X-CUBE-NFC9.1.0.0
2025-01-22 12:09:40,170 [WARN] PackLoader:240 - Cannot read IP mode file for STMicroelectronics.X-CUBE-AZRTOS-G0.1.1.0
2025-01-22 12:09:40,176 [WARN] PackLoader:240 - Cannot read IP mode file for STMicroelectronics.X-CUBE-SAFEA1.1.2.2
2025-01-22 12:09:40,180 [WARN] PackLoader:240 - Cannot read IP mode file for STMicroelectronics.X-CUBE-NFC4.3.0.0
2025-01-22 12:09:40,186 [WARN] PackLoader:240 - Cannot read IP mode file for EmbeddedOffice.I-CUBE-FS-RTOS.1.0.1
2025-01-22 12:09:40,190 [WARN] PackLoader:240 - Cannot read IP mode file for STMicroelectronics.X-CUBE-TCPP.4.2.0
2025-01-22 12:09:40,193 [WARN] PackLoader:240 - Cannot read IP mode file for RealThread.X-CUBE-RT-Thread_Nano.4.1.1
2025-01-22 12:09:40,196 [WARN] PackLoader:240 - Cannot read IP mode file for STMicroelectronics.FP-ATR-SIGFOX1.3.2.0
2025-01-22 12:09:40,199 [WARN] ConditionMgr:438 - getConditionDescription Invalid condition id : Cortex-A Device cause : null
2025-01-22 12:09:40,209 [WARN] ConditionMgr:1044 - genDependencies : Invalid condition id : Cortex-A Device cause : null
2025-01-22 12:09:40,210 [WARN] ConditionMgr:1044 - genDependencies : Invalid condition id : Cortex-A Device cause : null
2025-01-22 12:09:40,210 [WARN] ConditionMgr:1044 - genDependencies : Invalid condition id : Cortex-A Device cause : null
2025-01-22 12:09:40,214 [WARN] PackLoader:240 - Cannot read IP mode file for STMicroelectronics.X-CUBE-EEPRMA1.5.1.0
2025-01-22 12:09:40,218 [WARN] PackLoader:240 - Cannot read IP mode file for wolfSSL.I-CUBE-wolfSSL.5.7.4
2025-01-22 12:09:40,221 [WARN] PackLoader:240 - Cannot read IP mode file for ITTIA_DB.I-CUBE-ITTIADB.8.9.0
2025-01-22 12:09:40,234 [WARN] PackLoader:240 - Cannot read IP mode file for SEGGER.I-CUBE-embOS.1.3.1
2025-01-22 12:09:40,263 [WARN] PackLoader:240 - Cannot read IP mode file for STMicroelectronics.X-CUBE-ALGOBUILD.1.4.0
2025-01-22 12:09:40,266 [WARN] PackLoader:240 - Cannot read IP mode file for STMicroelectronics.X-CUBE-AI.9.1.0
2025-01-22 12:09:40,276 [WARN] PackLoader:240 - Cannot read IP mode file for STMicroelectronics.X-CUBE-AZRTOS-F4.1.1.0
2025-01-22 12:09:40,280 [WARN] PackLoader:240 - Cannot read IP mode file for STMicroelectronics.X-CUBE-ISPU.2.1.0
2025-01-22 12:09:40,289 [WARN] PackLoader:240 - Cannot read IP mode file for STMicroelectronics.X-CUBE-AZRTOS-L5.2.0.0
2025-01-22 12:09:40,296 [WARN] PackLoader:240 - Cannot read IP mode file for STMicroelectronics.X-CUBE-NFC6.3.1.0
2025-01-22 12:09:40,300 [WARN] PackLoader:240 - Cannot read IP mode file for STMicroelectronics.X-CUBE-DPower.1.2.0
2025-01-22 12:09:40,304 [WARN] PackLoader:240 - Cannot read IP mode file for STMicroelectronics.X-CUBE-FREERTOS.1.3.0
2025-01-22 12:09:40,308 [WARN] PackLoader:240 - Cannot read IP mode file for STMicroelectronics.X-CUBE-NFC7.1.0.1
2025-01-22 12:09:40,318 [WARN] ConditionMgr:438 - getConditionDescription Invalid condition id : LAN8742 Phy interface Condition cause : null
2025-01-22 12:09:40,318 [WARN] PackLoader:240 - Cannot read IP mode file for STMicroelectronics.X-CUBE-AZRTOS-L4.2.0.0
2025-01-22 12:09:40,319 [WARN] ConditionMgr:1044 - genDependencies : Invalid condition id : LAN8742 Phy interface Condition cause : null
2025-01-22 12:09:40,320 [WARN] ConditionMgr:1044 - genDependencies : Invalid condition id : LAN8742 Phy interface Condition cause : null
2025-01-22 12:09:40,320 [WARN] ConditionMgr:1044 - genDependencies : Invalid condition id : LAN8742 Phy interface Condition cause : null
2025-01-22 12:09:40,325 [WARN] PackLoader:240 - Cannot read IP mode file for STMicroelectronics.X-CUBE-SFXS2LP1.4.0.0
2025-01-22 12:09:40,340 [WARN] PackLoader:240 - Cannot read IP mode file for STMicroelectronics.X-CUBE-AZRTOS-H7.3.3.0
2025-01-22 12:09:40,351 [WARN] ConditionMgr:438 - getConditionDescription Invalid condition id : UX DEVICE CLASS RTOS Condition cause : null
2025-01-22 12:09:40,352 [WARN] ConditionMgr:438 - getConditionDescription Invalid condition id : UX DEVICE CLASS RTOS Condition cause : null
2025-01-22 12:09:40,353 [WARN] PackLoader:240 - Cannot read IP mode file for STMicroelectronics.X-CUBE-AZRTOS-WB.2.0.0
2025-01-22 12:09:40,354 [WARN] ConditionMgr:1044 - genDependencies : Invalid condition id : UX DEVICE CLASS RTOS Condition cause : null
2025-01-22 12:09:40,354 [WARN] ConditionMgr:1044 - genDependencies : Invalid condition id : UX DEVICE CLASS RTOS Condition cause : null
2025-01-22 12:09:40,355 [WARN] ConditionMgr:1044 - genDependencies : Invalid condition id : UX DEVICE CLASS RTOS Condition cause : null
2025-01-22 12:09:40,355 [WARN] ConditionMgr:1044 - genDependencies : Invalid condition id : UX DEVICE CLASS RTOS Condition cause : null
2025-01-22 12:09:40,355 [WARN] ConditionMgr:1044 - genDependencies : Invalid condition id : UX DEVICE CLASS RTOS Condition cause : null
2025-01-22 12:09:40,360 [WARN] PackLoader:240 - Cannot read IP mode file for STMicroelectronics.X-CUBE-GNSS1.7.0.1
2025-01-22 12:09:40,366 [WARN] PackLoader:240 - Cannot read IP mode file for STMicroelectronics.FP-SNS-STBOX1.2.0.0
2025-01-22 12:09:40,375 [WARN] PackLoader:240 - Cannot read IP mode file for STMicroelectronics.X-CUBE-SUBG2.5.0.0
2025-01-22 12:09:40,382 [WARN] PackLoader:240 - Cannot read IP mode file for Cesanta.I-CUBE-Mongoose.7.13.0
2025-01-22 12:09:40,393 [WARN] PackLoader:240 - Cannot read IP mode file for STMicroelectronics.X-CUBE-AZRTOS-G4.2.0.0
2025-01-22 12:09:40,404 [WARN] PackLoader:240 - Cannot read IP mode file for STMicroelectronics.X-CUBE-IPS.3.1.0
2025-01-22 12:09:40,412 [WARN] PackLoader:240 - Cannot read IP mode file for STMicroelectronics.X-CUBE-ALS.1.0.2
2025-01-22 12:09:40,416 [WARN] PackLoader:240 - Cannot read IP mode file for STMicroelectronics.X-CUBE-TOUCHGFX.4.24.2
2025-01-22 12:09:40,419 [WARN] PackLoader:240 - Cannot read IP mode file for wolfSSL.I-CUBE-wolfTPM.3.4.0
2025-01-22 12:09:40,423 [WARN] PackLoader:240 - Cannot read IP mode file for portGmbH.I-Cube-SoM-uGOAL.1.1.0
2025-01-22 12:09:40,438 [WARN] PackLoader:240 - Cannot read IP mode file for STMicroelectronics.X-CUBE-AZRTOS-H7RS.1.0.0
2025-01-22 12:09:40,446 [WARN] PackLoader:240 - Cannot read IP mode file for STMicroelectronics.X-CUBE-TOF1.3.4.2
2025-01-22 12:09:40,463 [WARN] PackLoader:240 - Cannot read IP mode file for wolfSSL.I-CUBE-wolfSSH.1.4.17
2025-01-22 12:09:40,464 [INFO] ThirdParty:978 - Integrity check success = true
2025-01-22 12:09:40,464 [INFO] IntegrityCheckThread:100 - exiting critical section [integrity check]
2025-01-22 12:09:40,464 [INFO] IntegrityCheckThread:103 - End integrity checks thread
2025-01-22 12:10:06,024 [ERROR] LogOutputStream:75 - [STDERR_REDIRECT] Jan 22, 2025 12:10:06 PM java.util.prefs.FileSystemPreferences checkLockFile0ErrorCode
2025-01-22 12:10:06,025 [ERROR] LogOutputStream:75 - [STDERR_REDIRECT] WARNING: Could not lock System prefs. Unix error code 2.
2025-01-22 12:10:06,025 [ERROR] LogOutputStream:75 - [STDERR_REDIRECT] 
2025-01-22 12:10:06,025 [ERROR] LogOutputStream:75 - [STDERR_REDIRECT] Jan 22, 2025 12:10:06 PM java.util.prefs.FileSystemPreferences syncWorld
2025-01-22 12:10:06,025 [ERROR] LogOutputStream:75 - [STDERR_REDIRECT] WARNING: Couldn't flush system prefs: java.util.prefs.BackingStoreException: Couldn't get file lock.
2025-01-22 12:10:06,025 [ERROR] LogOutputStream:75 - [STDERR_REDIRECT] 
2025-01-22 12:10:36,010 [ERROR] LogOutputStream:75 - [STDERR_REDIRECT] Jan 22, 2025 12:10:36 PM java.util.prefs.FileSystemPreferences checkLockFile0ErrorCode
2025-01-22 12:10:36,010 [ERROR] LogOutputStream:75 - [STDERR_REDIRECT] WARNING: Could not lock System prefs. Unix error code 2.
2025-01-22 12:10:36,011 [ERROR] LogOutputStream:75 - [STDERR_REDIRECT] 
2025-01-22 12:10:36,011 [ERROR] LogOutputStream:75 - [STDERR_REDIRECT] Jan 22, 2025 12:10:36 PM java.util.prefs.FileSystemPreferences syncWorld
2025-01-22 12:10:36,011 [ERROR] LogOutputStream:75 - [STDERR_REDIRECT] WARNING: Couldn't flush system prefs: java.util.prefs.BackingStoreException: Couldn't get file lock.
2025-01-22 12:10:36,011 [ERROR] LogOutputStream:75 - [STDERR_REDIRECT] 
2025-01-22 12:11:06,009 [ERROR] LogOutputStream:75 - [STDERR_REDIRECT] Jan 22, 2025 12:11:06 PM java.util.prefs.FileSystemPreferences checkLockFile0ErrorCode
2025-01-22 12:11:06,010 [ERROR] LogOutputStream:75 - [STDERR_REDIRECT] WARNING: Could not lock System prefs. Unix error code 2.
2025-01-22 12:11:06,010 [ERROR] LogOutputStream:75 - [STDERR_REDIRECT] 
2025-01-22 12:11:06,010 [ERROR] LogOutputStream:75 - [STDERR_REDIRECT] Jan 22, 2025 12:11:06 PM java.util.prefs.FileSystemPreferences syncWorld
2025-01-22 12:11:06,010 [ERROR] LogOutputStream:75 - [STDERR_REDIRECT] WARNING: Couldn't flush system prefs: java.util.prefs.BackingStoreException: Couldn't get file lock.
2025-01-22 12:11:06,010 [ERROR] LogOutputStream:75 - [STDERR_REDIRECT] 
2025-01-22 12:11:36,009 [ERROR] LogOutputStream:75 - [STDERR_REDIRECT] Jan 22, 2025 12:11:36 PM java.util.prefs.FileSystemPreferences checkLockFile0ErrorCode
2025-01-22 12:11:36,009 [ERROR] LogOutputStream:75 - [STDERR_REDIRECT] WARNING: Could not lock System prefs. Unix error code 2.
2025-01-22 12:11:36,009 [ERROR] LogOutputStream:75 - [STDERR_REDIRECT] 
2025-01-22 12:11:36,009 [ERROR] LogOutputStream:75 - [STDERR_REDIRECT] Jan 22, 2025 12:11:36 PM java.util.prefs.FileSystemPreferences syncWorld
2025-01-22 12:11:36,010 [ERROR] LogOutputStream:75 - [STDERR_REDIRECT] WARNING: Couldn't flush system prefs: java.util.prefs.BackingStoreException: Couldn't get file lock.
2025-01-22 12:11:36,010 [ERROR] LogOutputStream:75 - [STDERR_REDIRECT] 
2025-01-22 12:12:06,009 [ERROR] LogOutputStream:75 - [STDERR_REDIRECT] Jan 22, 2025 12:12:06 PM java.util.prefs.FileSystemPreferences checkLockFile0ErrorCode
2025-01-22 12:12:06,009 [ERROR] LogOutputStream:75 - [STDERR_REDIRECT] WARNING: Could not lock System prefs. Unix error code 2.
2025-01-22 12:12:06,009 [ERROR] LogOutputStream:75 - [STDERR_REDIRECT] 
2025-01-22 12:12:06,010 [ERROR] LogOutputStream:75 - [STDERR_REDIRECT] Jan 22, 2025 12:12:06 PM java.util.prefs.FileSystemPreferences syncWorld
2025-01-22 12:12:06,010 [ERROR] LogOutputStream:75 - [STDERR_REDIRECT] WARNING: Couldn't flush system prefs: java.util.prefs.BackingStoreException: Couldn't get file lock.
2025-01-22 12:12:06,010 [ERROR] LogOutputStream:75 - [STDERR_REDIRECT] 
2025-01-22 12:12:36,010 [ERROR] LogOutputStream:75 - [STDERR_REDIRECT] Jan 22, 2025 12:12:36 PM java.util.prefs.FileSystemPreferences checkLockFile0ErrorCode
2025-01-22 12:12:36,010 [ERROR] LogOutputStream:75 - [STDERR_REDIRECT] WARNING: Could not lock System prefs. Unix error code 2.
2025-01-22 12:12:36,010 [ERROR] LogOutputStream:75 - [STDERR_REDIRECT] 
2025-01-22 12:12:36,010 [ERROR] LogOutputStream:75 - [STDERR_REDIRECT] Jan 22, 2025 12:12:36 PM java.util.prefs.FileSystemPreferences syncWorld
2025-01-22 12:12:36,011 [ERROR] LogOutputStream:75 - [STDERR_REDIRECT] WARNING: Couldn't flush system prefs: java.util.prefs.BackingStoreException: Couldn't get file lock.
2025-01-22 12:12:36,011 [ERROR] LogOutputStream:75 - [STDERR_REDIRECT] 
2025-01-22 12:13:06,010 [ERROR] LogOutputStream:75 - [STDERR_REDIRECT] Jan 22, 2025 12:13:06 PM java.util.prefs.FileSystemPreferences checkLockFile0ErrorCode
2025-01-22 12:13:06,010 [ERROR] LogOutputStream:75 - [STDERR_REDIRECT] WARNING: Could not lock System prefs. Unix error code 2.
2025-01-22 12:13:06,010 [ERROR] LogOutputStream:75 - [STDERR_REDIRECT] 
2025-01-22 12:13:06,011 [ERROR] LogOutputStream:75 - [STDERR_REDIRECT] Jan 22, 2025 12:13:06 PM java.util.prefs.FileSystemPreferences syncWorld
2025-01-22 12:13:06,011 [ERROR] LogOutputStream:75 - [STDERR_REDIRECT] WARNING: Couldn't flush system prefs: java.util.prefs.BackingStoreException: Couldn't get file lock.
2025-01-22 12:13:06,011 [ERROR] LogOutputStream:75 - [STDERR_REDIRECT] 
2025-01-22 12:13:36,010 [ERROR] LogOutputStream:75 - [STDERR_REDIRECT] Jan 22, 2025 12:13:36 PM java.util.prefs.FileSystemPreferences checkLockFile0ErrorCode
2025-01-22 12:13:36,010 [ERROR] LogOutputStream:75 - [STDERR_REDIRECT] WARNING: Could not lock System prefs. Unix error code 2.
2025-01-22 12:13:36,010 [ERROR] LogOutputStream:75 - [STDERR_REDIRECT] 
2025-01-22 12:13:36,010 [ERROR] LogOutputStream:75 - [STDERR_REDIRECT] Jan 22, 2025 12:13:36 PM java.util.prefs.FileSystemPreferences syncWorld
2025-01-22 12:13:36,011 [ERROR] LogOutputStream:75 - [STDERR_REDIRECT] WARNING: Couldn't flush system prefs: java.util.prefs.BackingStoreException: Couldn't get file lock.
2025-01-22 12:13:36,011 [ERROR] LogOutputStream:75 - [STDERR_REDIRECT] 
2025-01-22 12:14:06,010 [ERROR] LogOutputStream:75 - [STDERR_REDIRECT] Jan 22, 2025 12:14:06 PM java.util.prefs.FileSystemPreferences checkLockFile0ErrorCode
2025-01-22 12:14:06,010 [ERROR] LogOutputStream:75 - [STDERR_REDIRECT] WARNING: Could not lock System prefs. Unix error code 2.
2025-01-22 12:14:06,010 [ERROR] LogOutputStream:75 - [STDERR_REDIRECT] 
2025-01-22 12:14:06,010 [ERROR] LogOutputStream:75 - [STDERR_REDIRECT] Jan 22, 2025 12:14:06 PM java.util.prefs.FileSystemPreferences syncWorld
2025-01-22 12:14:06,010 [ERROR] LogOutputStream:75 - [STDERR_REDIRECT] WARNING: Couldn't flush system prefs: java.util.prefs.BackingStoreException: Couldn't get file lock.
2025-01-22 12:14:06,010 [ERROR] LogOutputStream:75 - [STDERR_REDIRECT] 
2025-01-22 12:14:36,010 [ERROR] LogOutputStream:75 - [STDERR_REDIRECT] Jan 22, 2025 12:14:36 PM java.util.prefs.FileSystemPreferences checkLockFile0ErrorCode
2025-01-22 12:14:36,011 [ERROR] LogOutputStream:75 - [STDERR_REDIRECT] WARNING: Could not lock System prefs. Unix error code 2.
2025-01-22 12:14:36,011 [ERROR] LogOutputStream:75 - [STDERR_REDIRECT] 
2025-01-22 12:14:36,012 [ERROR] LogOutputStream:75 - [STDERR_REDIRECT] Jan 22, 2025 12:14:36 PM java.util.prefs.FileSystemPreferences syncWorld
2025-01-22 12:14:36,012 [ERROR] LogOutputStream:75 - [STDERR_REDIRECT] WARNING: Couldn't flush system prefs: java.util.prefs.BackingStoreException: Couldn't get file lock.
2025-01-22 12:14:36,012 [ERROR] LogOutputStream:75 - [STDERR_REDIRECT] 
2025-01-22 12:15:06,010 [ERROR] LogOutputStream:75 - [STDERR_REDIRECT] Jan 22, 2025 12:15:06 PM java.util.prefs.FileSystemPreferences checkLockFile0ErrorCode
2025-01-22 12:15:06,010 [ERROR] LogOutputStream:75 - [STDERR_REDIRECT] WARNING: Could not lock System prefs. Unix error code 2.
2025-01-22 12:15:06,010 [ERROR] LogOutputStream:75 - [STDERR_REDIRECT] 
2025-01-22 12:15:06,011 [ERROR] LogOutputStream:75 - [STDERR_REDIRECT] Jan 22, 2025 12:15:06 PM java.util.prefs.FileSystemPreferences syncWorld
2025-01-22 12:15:06,011 [ERROR] LogOutputStream:75 - [STDERR_REDIRECT] WARNING: Couldn't flush system prefs: java.util.prefs.BackingStoreException: Couldn't get file lock.
2025-01-22 12:15:06,011 [ERROR] LogOutputStream:75 - [STDERR_REDIRECT] 
2025-01-22 12:15:36,010 [ERROR] LogOutputStream:75 - [STDERR_REDIRECT] Jan 22, 2025 12:15:36 PM java.util.prefs.FileSystemPreferences checkLockFile0ErrorCode
2025-01-22 12:15:36,010 [ERROR] LogOutputStream:75 - [STDERR_REDIRECT] WARNING: Could not lock System prefs. Unix error code 2.
2025-01-22 12:15:36,010 [ERROR] LogOutputStream:75 - [STDERR_REDIRECT] 
2025-01-22 12:15:36,011 [ERROR] LogOutputStream:75 - [STDERR_REDIRECT] Jan 22, 2025 12:15:36 PM java.util.prefs.FileSystemPreferences syncWorld
2025-01-22 12:15:36,011 [ERROR] LogOutputStream:75 - [STDERR_REDIRECT] WARNING: Couldn't flush system prefs: java.util.prefs.BackingStoreException: Couldn't get file lock.
2025-01-22 12:15:36,011 [ERROR] LogOutputStream:75 - [STDERR_REDIRECT] 
2025-01-22 12:16:06,010 [ERROR] LogOutputStream:75 - [STDERR_REDIRECT] Jan 22, 2025 12:16:06 PM java.util.prefs.FileSystemPreferences checkLockFile0ErrorCode
2025-01-22 12:16:06,011 [ERROR] LogOutputStream:75 - [STDERR_REDIRECT] WARNING: Could not lock System prefs. Unix error code 2.
2025-01-22 12:16:06,011 [ERROR] LogOutputStream:75 - [STDERR_REDIRECT] 
2025-01-22 12:16:06,011 [ERROR] LogOutputStream:75 - [STDERR_REDIRECT] Jan 22, 2025 12:16:06 PM java.util.prefs.FileSystemPreferences syncWorld
2025-01-22 12:16:06,011 [ERROR] LogOutputStream:75 - [STDERR_REDIRECT] WARNING: Couldn't flush system prefs: java.util.prefs.BackingStoreException: Couldn't get file lock.
2025-01-22 12:16:06,012 [ERROR] LogOutputStream:75 - [STDERR_REDIRECT] 
2025-01-22 12:16:23,178 [INFO] WebApp:190 - Connection lost
2025-01-22 12:16:23,334 [INFO] WebApp:187 - Connection restablished
2025-01-22 12:16:36,011 [ERROR] LogOutputStream:75 - [STDERR_REDIRECT] Jan 22, 2025 12:16:36 PM java.util.prefs.FileSystemPreferences checkLockFile0ErrorCode
2025-01-22 12:16:36,012 [ERROR] LogOutputStream:75 - [STDERR_REDIRECT] WARNING: Could not lock System prefs. Unix error code 2.
2025-01-22 12:16:36,012 [ERROR] LogOutputStream:75 - [STDERR_REDIRECT] 
2025-01-22 12:16:36,012 [ERROR] LogOutputStream:75 - [STDERR_REDIRECT] Jan 22, 2025 12:16:36 PM java.util.prefs.FileSystemPreferences syncWorld
2025-01-22 12:16:36,012 [ERROR] LogOutputStream:75 - [STDERR_REDIRECT] WARNING: Couldn't flush system prefs: java.util.prefs.BackingStoreException: Couldn't get file lock.
2025-01-22 12:16:36,012 [ERROR] LogOutputStream:75 - [STDERR_REDIRECT] 
2025-01-22 12:17:06,011 [ERROR] LogOutputStream:75 - [STDERR_REDIRECT] Jan 22, 2025 12:17:06 PM java.util.prefs.FileSystemPreferences checkLockFile0ErrorCode
2025-01-22 12:17:06,011 [ERROR] LogOutputStream:75 - [STDERR_REDIRECT] WARNING: Could not lock System prefs. Unix error code 2.
2025-01-22 12:17:06,011 [ERROR] LogOutputStream:75 - [STDERR_REDIRECT] 
2025-01-22 12:17:06,012 [ERROR] LogOutputStream:75 - [STDERR_REDIRECT] Jan 22, 2025 12:17:06 PM java.util.prefs.FileSystemPreferences syncWorld
2025-01-22 12:17:06,012 [ERROR] LogOutputStream:75 - [STDERR_REDIRECT] WARNING: Couldn't flush system prefs: java.util.prefs.BackingStoreException: Couldn't get file lock.
2025-01-22 12:17:06,012 [ERROR] LogOutputStream:75 - [STDERR_REDIRECT] 
2025-01-22 12:17:36,012 [ERROR] LogOutputStream:75 - [STDERR_REDIRECT] Jan 22, 2025 12:17:36 PM java.util.prefs.FileSystemPreferences checkLockFile0ErrorCode
2025-01-22 12:17:36,012 [ERROR] LogOutputStream:75 - [STDERR_REDIRECT] WARNING: Could not lock System prefs. Unix error code 2.
2025-01-22 12:17:36,012 [ERROR] LogOutputStream:75 - [STDERR_REDIRECT] 
2025-01-22 12:17:36,013 [ERROR] LogOutputStream:75 - [STDERR_REDIRECT] Jan 22, 2025 12:17:36 PM java.util.prefs.FileSystemPreferences syncWorld
2025-01-22 12:17:36,013 [ERROR] LogOutputStream:75 - [STDERR_REDIRECT] WARNING: Couldn't flush system prefs: java.util.prefs.BackingStoreException: Couldn't get file lock.
2025-01-22 12:17:36,013 [ERROR] LogOutputStream:75 - [STDERR_REDIRECT] 
2025-01-22 12:18:06,012 [ERROR] LogOutputStream:75 - [STDERR_REDIRECT] Jan 22, 2025 12:18:06 PM java.util.prefs.FileSystemPreferences checkLockFile0ErrorCode
2025-01-22 12:18:06,012 [ERROR] LogOutputStream:75 - [STDERR_REDIRECT] WARNING: Could not lock System prefs. Unix error code 2.
2025-01-22 12:18:06,012 [ERROR] LogOutputStream:75 - [STDERR_REDIRECT] 
2025-01-22 12:18:06,012 [ERROR] LogOutputStream:75 - [STDERR_REDIRECT] Jan 22, 2025 12:18:06 PM java.util.prefs.FileSystemPreferences syncWorld
2025-01-22 12:18:06,012 [ERROR] LogOutputStream:75 - [STDERR_REDIRECT] WARNING: Couldn't flush system prefs: java.util.prefs.BackingStoreException: Couldn't get file lock.
2025-01-22 12:18:06,013 [ERROR] LogOutputStream:75 - [STDERR_REDIRECT] 
2025-01-22 12:18:23,525 [INFO] WebApp:190 - Connection lost
2025-01-22 12:18:23,673 [INFO] WebApp:187 - Connection restablished
2025-01-22 12:18:36,011 [ERROR] LogOutputStream:75 - [STDERR_REDIRECT] Jan 22, 2025 12:18:36 PM java.util.prefs.FileSystemPreferences checkLockFile0ErrorCode
2025-01-22 12:18:36,011 [ERROR] LogOutputStream:75 - [STDERR_REDIRECT] WARNING: Could not lock System prefs. Unix error code 2.
2025-01-22 12:18:36,011 [ERROR] LogOutputStream:75 - [STDERR_REDIRECT] 
2025-01-22 12:18:36,012 [ERROR] LogOutputStream:75 - [STDERR_REDIRECT] Jan 22, 2025 12:18:36 PM java.util.prefs.FileSystemPreferences syncWorld
2025-01-22 12:18:36,012 [ERROR] LogOutputStream:75 - [STDERR_REDIRECT] WARNING: Couldn't flush system prefs: java.util.prefs.BackingStoreException: Couldn't get file lock.
2025-01-22 12:18:36,012 [ERROR] LogOutputStream:75 - [STDERR_REDIRECT] 
2025-01-22 12:19:06,011 [ERROR] LogOutputStream:75 - [STDERR_REDIRECT] Jan 22, 2025 12:19:06 PM java.util.prefs.FileSystemPreferences checkLockFile0ErrorCode
2025-01-22 12:19:06,012 [ERROR] LogOutputStream:75 - [STDERR_REDIRECT] WARNING: Could not lock System prefs. Unix error code 2.
2025-01-22 12:19:06,012 [ERROR] LogOutputStream:75 - [STDERR_REDIRECT] 
2025-01-22 12:19:06,012 [ERROR] LogOutputStream:75 - [STDERR_REDIRECT] Jan 22, 2025 12:19:06 PM java.util.prefs.FileSystemPreferences syncWorld
2025-01-22 12:19:06,012 [ERROR] LogOutputStream:75 - [STDERR_REDIRECT] WARNING: Couldn't flush system prefs: java.util.prefs.BackingStoreException: Couldn't get file lock.
2025-01-22 12:19:06,012 [ERROR] LogOutputStream:75 - [STDERR_REDIRECT] 
2025-01-22 12:19:36,012 [ERROR] LogOutputStream:75 - [STDERR_REDIRECT] Jan 22, 2025 12:19:36 PM java.util.prefs.FileSystemPreferences checkLockFile0ErrorCode
2025-01-22 12:19:36,013 [ERROR] LogOutputStream:75 - [STDERR_REDIRECT] WARNING: Could not lock System prefs. Unix error code 2.
2025-01-22 12:19:36,013 [ERROR] LogOutputStream:75 - [STDERR_REDIRECT] 
2025-01-22 12:19:36,013 [ERROR] LogOutputStream:75 - [STDERR_REDIRECT] Jan 22, 2025 12:19:36 PM java.util.prefs.FileSystemPreferences syncWorld
2025-01-22 12:19:36,013 [ERROR] LogOutputStream:75 - [STDERR_REDIRECT] WARNING: Couldn't flush system prefs: java.util.prefs.BackingStoreException: Couldn't get file lock.
2025-01-22 12:19:36,013 [ERROR] LogOutputStream:75 - [STDERR_REDIRECT] 
2025-01-22 12:19:43,083 [INFO] WebApp:190 - Connection lost
2025-01-22 12:19:43,253 [INFO] WebApp:187 - Connection restablished
2025-01-22 12:19:46,159 [INFO] WebApp:190 - Connection lost
2025-01-22 12:19:46,407 [INFO] WebApp:187 - Connection restablished
2025-01-22 12:20:06,013 [ERROR] LogOutputStream:75 - [STDERR_REDIRECT] Jan 22, 2025 12:20:06 PM java.util.prefs.FileSystemPreferences checkLockFile0ErrorCode
2025-01-22 12:20:06,013 [ERROR] LogOutputStream:75 - [STDERR_REDIRECT] WARNING: Could not lock System prefs. Unix error code 2.
2025-01-22 12:20:06,013 [ERROR] LogOutputStream:75 - [STDERR_REDIRECT] 
2025-01-22 12:20:06,013 [ERROR] LogOutputStream:75 - [STDERR_REDIRECT] Jan 22, 2025 12:20:06 PM java.util.prefs.FileSystemPreferences syncWorld
2025-01-22 12:20:06,014 [ERROR] LogOutputStream:75 - [STDERR_REDIRECT] WARNING: Couldn't flush system prefs: java.util.prefs.BackingStoreException: Couldn't get file lock.
2025-01-22 12:20:06,014 [ERROR] LogOutputStream:75 - [STDERR_REDIRECT] 
2025-01-22 12:20:36,013 [ERROR] LogOutputStream:75 - [STDERR_REDIRECT] Jan 22, 2025 12:20:36 PM java.util.prefs.FileSystemPreferences checkLockFile0ErrorCode
2025-01-22 12:20:36,013 [ERROR] LogOutputStream:75 - [STDERR_REDIRECT] WARNING: Could not lock System prefs. Unix error code 2.
2025-01-22 12:20:36,014 [ERROR] LogOutputStream:75 - [STDERR_REDIRECT] 
2025-01-22 12:20:36,014 [ERROR] LogOutputStream:75 - [STDERR_REDIRECT] Jan 22, 2025 12:20:36 PM java.util.prefs.FileSystemPreferences syncWorld
2025-01-22 12:20:36,014 [ERROR] LogOutputStream:75 - [STDERR_REDIRECT] WARNING: Couldn't flush system prefs: java.util.prefs.BackingStoreException: Couldn't get file lock.
2025-01-22 12:20:36,014 [ERROR] LogOutputStream:75 - [STDERR_REDIRECT] 
2025-01-22 12:21:06,014 [ERROR] LogOutputStream:75 - [STDERR_REDIRECT] Jan 22, 2025 12:21:06 PM java.util.prefs.FileSystemPreferences checkLockFile0ErrorCode
2025-01-22 12:21:06,014 [ERROR] LogOutputStream:75 - [STDERR_REDIRECT] WARNING: Could not lock System prefs. Unix error code 2.
2025-01-22 12:21:06,014 [ERROR] LogOutputStream:75 - [STDERR_REDIRECT] 
2025-01-22 12:21:06,015 [ERROR] LogOutputStream:75 - [STDERR_REDIRECT] Jan 22, 2025 12:21:06 PM java.util.prefs.FileSystemPreferences syncWorld
2025-01-22 12:21:06,015 [ERROR] LogOutputStream:75 - [STDERR_REDIRECT] WARNING: Couldn't flush system prefs: java.util.prefs.BackingStoreException: Couldn't get file lock.
2025-01-22 12:21:06,015 [ERROR] LogOutputStream:75 - [STDERR_REDIRECT] 
2025-01-22 12:21:36,014 [ERROR] LogOutputStream:75 - [STDERR_REDIRECT] Jan 22, 2025 12:21:36 PM java.util.prefs.FileSystemPreferences checkLockFile0ErrorCode
2025-01-22 12:21:36,015 [ERROR] LogOutputStream:75 - [STDERR_REDIRECT] WARNING: Could not lock System prefs. Unix error code 2.
2025-01-22 12:21:36,015 [ERROR] LogOutputStream:75 - [STDERR_REDIRECT] 
2025-01-22 12:21:36,015 [ERROR] LogOutputStream:75 - [STDERR_REDIRECT] Jan 22, 2025 12:21:36 PM java.util.prefs.FileSystemPreferences syncWorld
2025-01-22 12:21:36,015 [ERROR] LogOutputStream:75 - [STDERR_REDIRECT] WARNING: Couldn't flush system prefs: java.util.prefs.BackingStoreException: Couldn't get file lock.
2025-01-22 12:21:36,015 [ERROR] LogOutputStream:75 - [STDERR_REDIRECT] 
2025-01-22 12:22:06,014 [ERROR] LogOutputStream:75 - [STDERR_REDIRECT] Jan 22, 2025 12:22:06 PM java.util.prefs.FileSystemPreferences checkLockFile0ErrorCode
2025-01-22 12:22:06,014 [ERROR] LogOutputStream:75 - [STDERR_REDIRECT] WARNING: Could not lock System prefs. Unix error code 2.
2025-01-22 12:22:06,014 [ERROR] LogOutputStream:75 - [STDERR_REDIRECT] 
2025-01-22 12:22:06,014 [ERROR] LogOutputStream:75 - [STDERR_REDIRECT] Jan 22, 2025 12:22:06 PM java.util.prefs.FileSystemPreferences syncWorld
2025-01-22 12:22:06,014 [ERROR] LogOutputStream:75 - [STDERR_REDIRECT] WARNING: Couldn't flush system prefs: java.util.prefs.BackingStoreException: Couldn't get file lock.
2025-01-22 12:22:06,014 [ERROR] LogOutputStream:75 - [STDERR_REDIRECT] 
2025-01-22 12:22:36,013 [ERROR] LogOutputStream:75 - [STDERR_REDIRECT] Jan 22, 2025 12:22:36 PM java.util.prefs.FileSystemPreferences checkLockFile0ErrorCode
2025-01-22 12:22:36,013 [ERROR] LogOutputStream:75 - [STDERR_REDIRECT] WARNING: Could not lock System prefs. Unix error code 2.
2025-01-22 12:22:36,014 [ERROR] LogOutputStream:75 - [STDERR_REDIRECT] 
2025-01-22 12:22:36,014 [ERROR] LogOutputStream:75 - [STDERR_REDIRECT] Jan 22, 2025 12:22:36 PM java.util.prefs.FileSystemPreferences syncWorld
2025-01-22 12:22:36,014 [ERROR] LogOutputStream:75 - [STDERR_REDIRECT] WARNING: Couldn't flush system prefs: java.util.prefs.BackingStoreException: Couldn't get file lock.
2025-01-22 12:22:36,014 [ERROR] LogOutputStream:75 - [STDERR_REDIRECT] 
2025-01-22 12:23:06,014 [ERROR] LogOutputStream:75 - [STDERR_REDIRECT] Jan 22, 2025 12:23:06 PM java.util.prefs.FileSystemPreferences checkLockFile0ErrorCode
2025-01-22 12:23:06,014 [ERROR] LogOutputStream:75 - [STDERR_REDIRECT] WARNING: Could not lock System prefs. Unix error code 2.
2025-01-22 12:23:06,014 [ERROR] LogOutputStream:75 - [STDERR_REDIRECT] 
2025-01-22 12:23:06,014 [ERROR] LogOutputStream:75 - [STDERR_REDIRECT] Jan 22, 2025 12:23:06 PM java.util.prefs.FileSystemPreferences syncWorld
2025-01-22 12:23:06,014 [ERROR] LogOutputStream:75 - [STDERR_REDIRECT] WARNING: Couldn't flush system prefs: java.util.prefs.BackingStoreException: Couldn't get file lock.
2025-01-22 12:23:06,014 [ERROR] LogOutputStream:75 - [STDERR_REDIRECT] 
2025-01-22 12:23:36,015 [ERROR] LogOutputStream:75 - [STDERR_REDIRECT] Jan 22, 2025 12:23:36 PM java.util.prefs.FileSystemPreferences checkLockFile0ErrorCode
2025-01-22 12:23:36,015 [ERROR] LogOutputStream:75 - [STDERR_REDIRECT] WARNING: Could not lock System prefs. Unix error code 2.
2025-01-22 12:23:36,015 [ERROR] LogOutputStream:75 - [STDERR_REDIRECT] 
2025-01-22 12:23:36,015 [ERROR] LogOutputStream:75 - [STDERR_REDIRECT] Jan 22, 2025 12:23:36 PM java.util.prefs.FileSystemPreferences syncWorld
2025-01-22 12:23:36,015 [ERROR] LogOutputStream:75 - [STDERR_REDIRECT] WARNING: Couldn't flush system prefs: java.util.prefs.BackingStoreException: Couldn't get file lock.
2025-01-22 12:23:36,015 [ERROR] LogOutputStream:75 - [STDERR_REDIRECT] 
2025-01-22 12:24:06,016 [ERROR] LogOutputStream:75 - [STDERR_REDIRECT] Jan 22, 2025 12:24:06 PM java.util.prefs.FileSystemPreferences checkLockFile0ErrorCode
2025-01-22 12:24:06,016 [ERROR] LogOutputStream:75 - [STDERR_REDIRECT] WARNING: Could not lock System prefs. Unix error code 2.
2025-01-22 12:24:06,016 [ERROR] LogOutputStream:75 - [STDERR_REDIRECT] 
2025-01-22 12:24:06,016 [ERROR] LogOutputStream:75 - [STDERR_REDIRECT] Jan 22, 2025 12:24:06 PM java.util.prefs.FileSystemPreferences syncWorld
2025-01-22 12:24:06,016 [ERROR] LogOutputStream:75 - [STDERR_REDIRECT] WARNING: Couldn't flush system prefs: java.util.prefs.BackingStoreException: Couldn't get file lock.
2025-01-22 12:24:06,017 [ERROR] LogOutputStream:75 - [STDERR_REDIRECT] 
2025-01-22 12:24:36,016 [ERROR] LogOutputStream:75 - [STDERR_REDIRECT] Jan 22, 2025 12:24:36 PM java.util.prefs.FileSystemPreferences checkLockFile0ErrorCode
2025-01-22 12:24:36,016 [ERROR] LogOutputStream:75 - [STDERR_REDIRECT] WARNING: Could not lock System prefs. Unix error code 2.
2025-01-22 12:24:36,016 [ERROR] LogOutputStream:75 - [STDERR_REDIRECT] 
2025-01-22 12:24:36,016 [ERROR] LogOutputStream:75 - [STDERR_REDIRECT] Jan 22, 2025 12:24:36 PM java.util.prefs.FileSystemPreferences syncWorld
2025-01-22 12:24:36,016 [ERROR] LogOutputStream:75 - [STDERR_REDIRECT] WARNING: Couldn't flush system prefs: java.util.prefs.BackingStoreException: Couldn't get file lock.
2025-01-22 12:24:36,017 [ERROR] LogOutputStream:75 - [STDERR_REDIRECT] 
2025-01-22 12:25:06,016 [ERROR] LogOutputStream:75 - [STDERR_REDIRECT] Jan 22, 2025 12:25:06 PM java.util.prefs.FileSystemPreferences checkLockFile0ErrorCode
2025-01-22 12:25:06,016 [ERROR] LogOutputStream:75 - [STDERR_REDIRECT] WARNING: Could not lock System prefs. Unix error code 2.
2025-01-22 12:25:06,016 [ERROR] LogOutputStream:75 - [STDERR_REDIRECT] 
2025-01-22 12:25:06,017 [ERROR] LogOutputStream:75 - [STDERR_REDIRECT] Jan 22, 2025 12:25:06 PM java.util.prefs.FileSystemPreferences syncWorld
2025-01-22 12:25:06,017 [ERROR] LogOutputStream:75 - [STDERR_REDIRECT] WARNING: Couldn't flush system prefs: java.util.prefs.BackingStoreException: Couldn't get file lock.
2025-01-22 12:25:06,017 [ERROR] LogOutputStream:75 - [STDERR_REDIRECT] 
2025-01-22 12:25:36,016 [ERROR] LogOutputStream:75 - [STDERR_REDIRECT] Jan 22, 2025 12:25:36 PM java.util.prefs.FileSystemPreferences checkLockFile0ErrorCode
2025-01-22 12:25:36,016 [ERROR] LogOutputStream:75 - [STDERR_REDIRECT] WARNING: Could not lock System prefs. Unix error code 2.
2025-01-22 12:25:36,016 [ERROR] LogOutputStream:75 - [STDERR_REDIRECT] 
2025-01-22 12:25:36,016 [ERROR] LogOutputStream:75 - [STDERR_REDIRECT] Jan 22, 2025 12:25:36 PM java.util.prefs.FileSystemPreferences syncWorld
2025-01-22 12:25:36,017 [ERROR] LogOutputStream:75 - [STDERR_REDIRECT] WARNING: Couldn't flush system prefs: java.util.prefs.BackingStoreException: Couldn't get file lock.
2025-01-22 12:25:36,017 [ERROR] LogOutputStream:75 - [STDERR_REDIRECT] 
2025-01-22 12:26:06,015 [ERROR] LogOutputStream:75 - [STDERR_REDIRECT] Jan 22, 2025 12:26:06 PM java.util.prefs.FileSystemPreferences checkLockFile0ErrorCode
2025-01-22 12:26:06,016 [ERROR] LogOutputStream:75 - [STDERR_REDIRECT] WARNING: Could not lock System prefs. Unix error code 2.
2025-01-22 12:26:06,016 [ERROR] LogOutputStream:75 - [STDERR_REDIRECT] 
2025-01-22 12:26:06,016 [ERROR] LogOutputStream:75 - [STDERR_REDIRECT] Jan 22, 2025 12:26:06 PM java.util.prefs.FileSystemPreferences syncWorld
2025-01-22 12:26:06,016 [ERROR] LogOutputStream:75 - [STDERR_REDIRECT] WARNING: Couldn't flush system prefs: java.util.prefs.BackingStoreException: Couldn't get file lock.
2025-01-22 12:26:06,016 [ERROR] LogOutputStream:75 - [STDERR_REDIRECT] 
2025-01-22 12:26:36,015 [ERROR] LogOutputStream:75 - [STDERR_REDIRECT] Jan 22, 2025 12:26:36 PM java.util.prefs.FileSystemPreferences checkLockFile0ErrorCode
2025-01-22 12:26:36,015 [ERROR] LogOutputStream:75 - [STDERR_REDIRECT] WARNING: Could not lock System prefs. Unix error code 2.
2025-01-22 12:26:36,015 [ERROR] LogOutputStream:75 - [STDERR_REDIRECT] 
2025-01-22 12:26:36,015 [ERROR] LogOutputStream:75 - [STDERR_REDIRECT] Jan 22, 2025 12:26:36 PM java.util.prefs.FileSystemPreferences syncWorld
2025-01-22 12:26:36,016 [ERROR] LogOutputStream:75 - [STDERR_REDIRECT] WARNING: Couldn't flush system prefs: java.util.prefs.BackingStoreException: Couldn't get file lock.
2025-01-22 12:26:36,016 [ERROR] LogOutputStream:75 - [STDERR_REDIRECT] 
2025-01-22 12:27:06,015 [ERROR] LogOutputStream:75 - [STDERR_REDIRECT] Jan 22, 2025 12:27:06 PM java.util.prefs.FileSystemPreferences checkLockFile0ErrorCode
2025-01-22 12:27:06,016 [ERROR] LogOutputStream:75 - [STDERR_REDIRECT] WARNING: Could not lock System prefs. Unix error code 2.
2025-01-22 12:27:06,016 [ERROR] LogOutputStream:75 - [STDERR_REDIRECT] 
2025-01-22 12:27:06,016 [ERROR] LogOutputStream:75 - [STDERR_REDIRECT] Jan 22, 2025 12:27:06 PM java.util.prefs.FileSystemPreferences syncWorld
2025-01-22 12:27:06,016 [ERROR] LogOutputStream:75 - [STDERR_REDIRECT] WARNING: Couldn't flush system prefs: java.util.prefs.BackingStoreException: Couldn't get file lock.
2025-01-22 12:27:06,016 [ERROR] LogOutputStream:75 - [STDERR_REDIRECT] 
2025-01-22 12:27:18,066 [INFO] WebApp:190 - Connection lost
2025-01-22 12:32:21,422 [INFO] WebApp:187 - Connection restablished
2025-01-22 12:32:28,222 [ERROR] LogOutputStream:75 - [STDERR_REDIRECT] Jan 22, 2025 12:32:28 PM java.util.prefs.FileSystemPreferences checkLockFile0ErrorCode
2025-01-22 12:32:28,223 [ERROR] LogOutputStream:75 - [STDERR_REDIRECT] WARNING: Could not lock System prefs. Unix error code 2.
2025-01-22 12:32:28,223 [ERROR] LogOutputStream:75 - [STDERR_REDIRECT] 
2025-01-22 12:32:28,223 [ERROR] LogOutputStream:75 - [STDERR_REDIRECT] Jan 22, 2025 12:32:28 PM java.util.prefs.FileSystemPreferences syncWorld
2025-01-22 12:32:28,223 [ERROR] LogOutputStream:75 - [STDERR_REDIRECT] WARNING: Couldn't flush system prefs: java.util.prefs.BackingStoreException: Couldn't get file lock.
2025-01-22 12:32:28,223 [ERROR] LogOutputStream:75 - [STDERR_REDIRECT] 
2025-01-22 12:32:58,217 [ERROR] LogOutputStream:75 - [STDERR_REDIRECT] Jan 22, 2025 12:32:58 PM java.util.prefs.FileSystemPreferences checkLockFile0ErrorCode
2025-01-22 12:32:58,218 [ERROR] LogOutputStream:75 - [STDERR_REDIRECT] WARNING: Could not lock System prefs. Unix error code 2.
2025-01-22 12:32:58,218 [ERROR] LogOutputStream:75 - [STDERR_REDIRECT] 
2025-01-22 12:32:58,218 [ERROR] LogOutputStream:75 - [STDERR_REDIRECT] Jan 22, 2025 12:32:58 PM java.util.prefs.FileSystemPreferences syncWorld
2025-01-22 12:32:58,218 [ERROR] LogOutputStream:75 - [STDERR_REDIRECT] WARNING: Couldn't flush system prefs: java.util.prefs.BackingStoreException: Couldn't get file lock.
2025-01-22 12:32:58,218 [ERROR] LogOutputStream:75 - [STDERR_REDIRECT] 
2025-01-22 12:33:28,219 [ERROR] LogOutputStream:75 - [STDERR_REDIRECT] Jan 22, 2025 12:33:28 PM java.util.prefs.FileSystemPreferences checkLockFile0ErrorCode
2025-01-22 12:33:28,219 [ERROR] LogOutputStream:75 - [STDERR_REDIRECT] WARNING: Could not lock System prefs. Unix error code 2.
2025-01-22 12:33:28,219 [ERROR] LogOutputStream:75 - [STDERR_REDIRECT] 
2025-01-22 12:33:28,220 [ERROR] LogOutputStream:75 - [STDERR_REDIRECT] Jan 22, 2025 12:33:28 PM java.util.prefs.FileSystemPreferences syncWorld
2025-01-22 12:33:28,220 [ERROR] LogOutputStream:75 - [STDERR_REDIRECT] WARNING: Couldn't flush system prefs: java.util.prefs.BackingStoreException: Couldn't get file lock.
2025-01-22 12:33:28,220 [ERROR] LogOutputStream:75 - [STDERR_REDIRECT] 
2025-01-22 12:33:45,440 [INFO] WebApp:190 - Connection lost
2025-01-22 12:33:45,570 [INFO] WebApp:187 - Connection restablished
2025-01-22 12:33:48,424 [INFO] WebApp:190 - Connection lost
2025-01-22 12:33:48,613 [INFO] WebApp:187 - Connection restablished
2025-01-22 12:33:51,616 [INFO] WebApp:190 - Connection lost
2025-01-22 12:33:51,812 [INFO] WebApp:187 - Connection restablished
2025-01-22 12:33:58,217 [ERROR] LogOutputStream:75 - [STDERR_REDIRECT] Jan 22, 2025 12:33:58 PM java.util.prefs.FileSystemPreferences checkLockFile0ErrorCode
2025-01-22 12:33:58,217 [ERROR] LogOutputStream:75 - [STDERR_REDIRECT] WARNING: Could not lock System prefs. Unix error code 2.
2025-01-22 12:33:58,217 [ERROR] LogOutputStream:75 - [STDERR_REDIRECT] 
2025-01-22 12:33:58,217 [ERROR] LogOutputStream:75 - [STDERR_REDIRECT] Jan 22, 2025 12:33:58 PM java.util.prefs.FileSystemPreferences syncWorld
2025-01-22 12:33:58,217 [ERROR] LogOutputStream:75 - [STDERR_REDIRECT] WARNING: Couldn't flush system prefs: java.util.prefs.BackingStoreException: Couldn't get file lock.
2025-01-22 12:33:58,217 [ERROR] LogOutputStream:75 - [STDERR_REDIRECT] 
2025-01-22 12:34:03,756 [INFO] WebApp:190 - Connection lost
2025-01-22 12:34:03,893 [INFO] WebApp:187 - Connection restablished
2025-01-22 12:34:28,216 [ERROR] LogOutputStream:75 - [STDERR_REDIRECT] Jan 22, 2025 12:34:28 PM java.util.prefs.FileSystemPreferences checkLockFile0ErrorCode
2025-01-22 12:34:28,216 [ERROR] LogOutputStream:75 - [STDERR_REDIRECT] WARNING: Could not lock System prefs. Unix error code 2.
2025-01-22 12:34:28,217 [ERROR] LogOutputStream:75 - [STDERR_REDIRECT] 
2025-01-22 12:34:28,217 [ERROR] LogOutputStream:75 - [STDERR_REDIRECT] Jan 22, 2025 12:34:28 PM java.util.prefs.FileSystemPreferences syncWorld
2025-01-22 12:34:28,217 [ERROR] LogOutputStream:75 - [STDERR_REDIRECT] WARNING: Couldn't flush system prefs: java.util.prefs.BackingStoreException: Couldn't get file lock.
2025-01-22 12:34:28,217 [ERROR] LogOutputStream:75 - [STDERR_REDIRECT] 
2025-01-22 12:34:46,249 [ERROR] LogOutputStream:75 - [STDERR_REDIRECT] 
