2025-01-20 00:48:40,598 [INFO] Activator:176 - 


2025-01-20 00:48:40,599 [INFO] Activator:177 - !SESSION log4j initialized
2025-01-20 00:48:43,485 [INFO] LogOutputStream:77 - [STDOUT_REDIRECT] 
2025-01-20 00:48:45,512 [INFO] ApplicationProperties:184 - Using Application install path: /opt/st/stm32cubeide_1.17.0/plugins/com.st.stm32cube.common.mx_6.13.0.202411220809
2025-01-20 00:48:45,525 [INFO] DbMcusXml:78 - Set database path to: /opt/st/stm32cubeide_1.17.0/plugins/com.st.stm32cube.common.mx_6.13.0.202411220809//db//mcu/
2025-01-20 00:48:45,525 [INFO] ApiDb:274 - Set plugin database path to: /opt/st/stm32cubeide_1.17.0/plugins/com.st.stm32cube.common.mx_6.13.0.202411220809//db//plugins/boardmanager/
2025-01-20 00:48:45,525 [WARN] ApiDb:259 - Overriding images path with different value:  => /opt/st/stm32cubeide_1.17.0/plugins/com.st.stm32cube.common.mx_6.13.0.202411220809//db//plugins/mcufinder/images/
2025-01-20 00:48:45,530 [INFO] ApiDb:250 - Set database path to: /home/mykola/.stmcufinder/plugins/mcufinder//mcu/
2025-01-20 00:48:45,531 [INFO] DbMcusAds:125 - Set database path to: /home/mykola/.stmcufinder/plugins/mcufinder//mcu/
2025-01-20 00:48:45,533 [INFO] CrossReferenceDbSqlite:203 - Set database path to: /home/mykola/.stmcufinder/plugins/mcufinder//mcu/cs/
2025-01-20 00:48:45,618 [INFO] RulesReader:64 - Compatibility file has been processed (297 Rules)
2025-01-20 00:48:45,662 [INFO] DbMcusXml:78 - Set database path to: /opt/st/stm32cubeide_1.17.0/plugins/com.st.stm32cube.common.mx_6.13.0.202411220809//db//mcu/
2025-01-20 00:48:45,663 [INFO] ApiDb:274 - Set plugin database path to: /opt/st/stm32cubeide_1.17.0/plugins/com.st.stm32cube.common.mx_6.13.0.202411220809//db//plugins/boardmanager/
2025-01-20 00:48:45,663 [INFO] ApiDb:261 - Set plugin images path to: /opt/st/stm32cubeide_1.17.0/plugins/com.st.stm32cube.common.mx_6.13.0.202411220809//db//plugins/mcufinder/images/
2025-01-20 00:48:45,663 [WARN] DbFile:41 - Overriding database path with different value: /home/mykola/.stmcufinder/plugins/mcufinder/ => /home/mykola/.stmcufinder/plugins/mcufinder
2025-01-20 00:48:45,663 [INFO] ApiDb:250 - Set database path to: /home/mykola/.stmcufinder/plugins/mcufinder//mcu/
2025-01-20 00:48:45,664 [WARN] DbFile:41 - Overriding database path with different value: /home/mykola/.stmcufinder/plugins/mcufinder/ => /home/mykola/.stmcufinder/plugins/mcufinder
2025-01-20 00:48:45,664 [INFO] DbMcusAds:125 - Set database path to: /home/mykola/.stmcufinder/plugins/mcufinder//mcu/
2025-01-20 00:48:45,664 [WARN] DbFile:41 - Overriding database path with different value: /home/mykola/.stmcufinder/plugins/mcufinder/ => /home/mykola/.stmcufinder/plugins/mcufinder
2025-01-20 00:48:45,664 [WARN] DbFile:41 - Overriding database path with different value: /home/mykola/.stmcufinder/plugins/mcufinder/ => /home/mykola/.stmcufinder/plugins/mcufinder
2025-01-20 00:48:45,664 [INFO] CrossReferenceDbSqlite:203 - Set database path to: /home/mykola/.stmcufinder/plugins/mcufinder//mcu/cs/
2025-01-20 00:48:45,715 [INFO] MainPanel:272 - HeapMemory: 268435456
2025-01-20 00:48:45,800 [INFO] DbMcusXml:78 - Set database path to: /opt/st/stm32cubeide_1.17.0/plugins/com.st.stm32cube.common.mx_6.13.0.202411220809//db//mcu/
2025-01-20 00:48:45,801 [INFO] ApiDb:274 - Set plugin database path to: /opt/st/stm32cubeide_1.17.0/plugins/com.st.stm32cube.common.mx_6.13.0.202411220809//db//plugins/boardmanager/
2025-01-20 00:48:45,801 [INFO] ApiDb:261 - Set plugin images path to: /opt/st/stm32cubeide_1.17.0/plugins/com.st.stm32cube.common.mx_6.13.0.202411220809//db//plugins/mcufinder/images/
2025-01-20 00:48:45,801 [WARN] DbFile:41 - Overriding database path with different value: /home/mykola/.stmcufinder/plugins/mcufinder/ => /home/mykola/.stmcufinder/plugins/mcufinder
2025-01-20 00:48:45,801 [INFO] ApiDb:250 - Set database path to: /home/mykola/.stmcufinder/plugins/mcufinder//mcu/
2025-01-20 00:48:45,801 [WARN] DbFile:41 - Overriding database path with different value: /home/mykola/.stmcufinder/plugins/mcufinder/ => /home/mykola/.stmcufinder/plugins/mcufinder
2025-01-20 00:48:45,801 [INFO] DbMcusAds:125 - Set database path to: /home/mykola/.stmcufinder/plugins/mcufinder//mcu/
2025-01-20 00:48:45,802 [WARN] DbFile:41 - Overriding database path with different value: /home/mykola/.stmcufinder/plugins/mcufinder/ => /home/mykola/.stmcufinder/plugins/mcufinder
2025-01-20 00:48:45,802 [WARN] DbFile:41 - Overriding database path with different value: /home/mykola/.stmcufinder/plugins/mcufinder/ => /home/mykola/.stmcufinder/plugins/mcufinder
2025-01-20 00:48:45,802 [INFO] CrossReferenceDbSqlite:203 - Set database path to: /home/mykola/.stmcufinder/plugins/mcufinder//mcu/cs/
2025-01-20 00:48:45,816 [INFO] ApplicationProperties:184 - Using Application install path: /opt/st/stm32cubeide_1.17.0/plugins/com.st.stm32cube.common.mx_6.13.0.202411220809
2025-01-20 00:48:45,818 [INFO] PluginManage:196 - Search for loadable plugins [exclusion list=, ]
2025-01-20 00:48:45,820 [INFO] PluginManage:310 - Check plugin analytics
2025-01-20 00:48:46,012 [INFO] AnalyticsPlugin:253 - Accepted Software Licenses: 
2025-01-20 00:48:46,013 [INFO] AnalyticsPlugin:255 - Accepted CMSIS Pack Licenses: 
2025-01-20 00:48:46,013 [INFO] AnalyticsPlugin:257 - Accepted Firmware Licenses: 
2025-01-20 00:48:46,016 [INFO] PluginManage:359 - Loaded plugin analytics (category:tool,tabindex:-1)
2025-01-20 00:48:46,017 [INFO] PluginManage:310 - Check plugin cadmodel
2025-01-20 00:48:46,021 [INFO] CADModel:105 - Init CAD model plugin
2025-01-20 00:48:46,021 [INFO] PluginManage:359 - Loaded plugin cadmodel (category:power,tabindex:5)
2025-01-20 00:48:46,021 [INFO] PluginManage:310 - Check plugin clock
2025-01-20 00:48:46,030 [INFO] PluginManage:359 - Loaded plugin clock (category:base,tabindex:2)
2025-01-20 00:48:46,031 [INFO] PluginManage:310 - Check plugin ddr
2025-01-20 00:48:46,033 [INFO] PluginManage:359 - Loaded plugin ddr (category:tool,tabindex:6)
2025-01-20 00:48:46,033 [INFO] PluginManage:310 - Check plugin filemanager
2025-01-20 00:48:46,173 [INFO] PluginManage:359 - Loaded plugin filemanager (category:base,tabindex:10)
2025-01-20 00:48:46,173 [INFO] PluginManage:310 - Check plugin ipmanager
2025-01-20 00:48:46,180 [INFO] PluginManage:359 - Loaded plugin ipmanager (category:base,tabindex:5)
2025-01-20 00:48:46,180 [INFO] PluginManage:310 - Check plugin lpbam
2025-01-20 00:48:46,186 [INFO] PluginManage:359 - Loaded plugin lpbam (category:base,tabindex:0)
2025-01-20 00:48:46,186 [INFO] PluginManage:310 - Check plugin memorymap
2025-01-20 00:48:46,195 [INFO] PluginManage:359 - Loaded plugin memorymap (category:base,tabindex:4)
2025-01-20 00:48:46,195 [INFO] PluginManage:310 - Check plugin pinoutandconfiguration
2025-01-20 00:48:46,200 [INFO] PluginManage:359 - Loaded plugin pinoutandconfiguration (category:base,tabindex:1)
2025-01-20 00:48:46,201 [INFO] PluginManage:310 - Check plugin pinoutconfig
2025-01-20 00:48:46,310 [WARN] SupportedApi:132 - Cannot load RTOS API schema: s4s-elt-must-match.1: The content of 'definitions' must match (annotation?, (simpleType | complexType)?, (unique | key | keyref)*)). A problem was found starting at: attribute.
2025-01-20 00:48:46,409 [INFO] PluginManage:359 - Loaded plugin pinoutconfig (category:base,tabindex:0)
2025-01-20 00:48:46,409 [INFO] PluginManage:310 - Check plugin power
2025-01-20 00:48:46,414 [INFO] PluginManage:359 - Loaded plugin power (category:power,tabindex:4)
2025-01-20 00:48:46,415 [INFO] PluginManage:310 - Check plugin projectmanager
2025-01-20 00:48:46,425 [INFO] PluginManage:359 - Loaded plugin projectmanager (category:projectmanager,tabindex:4)
2025-01-20 00:48:46,426 [INFO] PluginManage:310 - Check plugin rif
2025-01-20 00:48:46,429 [INFO] PluginManage:359 - Loaded plugin rif (category:base,tabindex:3)
2025-01-20 00:48:46,429 [INFO] PluginManage:310 - Check plugin thirdparty
2025-01-20 00:48:46,510 [INFO] PluginManage:359 - Loaded plugin thirdparty (category:base,tabindex:-1)
2025-01-20 00:48:46,510 [WARN] IntegrityCheckThread:84 - waiting for thirdparty lock release [integrity check]
2025-01-20 00:48:46,510 [INFO] IntegrityCheckThread:86 - entering critical section [integrity check]
2025-01-20 00:48:46,510 [INFO] PluginManage:310 - Check plugin tools
2025-01-20 00:48:46,511 [INFO] ThirdPartyUpdaterWithRetryManager:70 - Updater plugin not ready yet. [1/15]
2025-01-20 00:48:46,513 [INFO] PluginManage:359 - Loaded plugin tools (category:base,tabindex:7)
2025-01-20 00:48:46,513 [INFO] PluginManage:310 - Check plugin tutovideos
2025-01-20 00:48:46,680 [INFO] PluginManage:359 - Loaded plugin tutovideos (category:base,tabindex:-1)
2025-01-20 00:48:46,680 [INFO] PluginManage:310 - Check plugin updater
2025-01-20 00:48:46,696 [INFO] PluginManage:359 - Loaded plugin updater (category:base,tabindex:12)
2025-01-20 00:48:46,697 [INFO] PluginManage:310 - Check plugin userauth
2025-01-20 00:48:46,699 [INFO] UserAuth:118 - Init User Auth plugin
2025-01-20 00:48:46,700 [INFO] PluginManage:359 - Loaded plugin userauth (category:base,tabindex:14)
2025-01-20 00:48:46,701 [INFO] PluginManage:283 - PluginManage : Loaded plugins [18]
2025-01-20 00:48:46,835 [INFO] PinOutPanel:1589 - setPackage(No Configuration,No Configuration)
2025-01-20 00:48:46,894 [INFO] CADModel:165 - CPN selected for project level
2025-01-20 00:48:46,895 [INFO] CADModel:114 - Register for checkConnection events
2025-01-20 00:48:46,905 [INFO] IPUIPlugin:80 - create IPUIPlugin
2025-01-20 00:48:46,905 [INFO] PluginManager:220 - loadIPPluginJar : add adc
2025-01-20 00:48:46,908 [INFO] IPUIPlugin:80 - create IPUIPlugin
2025-01-20 00:48:46,908 [INFO] PluginManager:220 - loadIPPluginJar : add aes
2025-01-20 00:48:46,910 [INFO] IPUIPlugin:80 - create IPUIPlugin
2025-01-20 00:48:46,910 [INFO] PluginManager:220 - loadIPPluginJar : add can
2025-01-20 00:48:46,912 [INFO] IPUIPlugin:80 - create IPUIPlugin
2025-01-20 00:48:46,912 [INFO] PluginManager:220 - loadIPPluginJar : add comp
2025-01-20 00:48:46,913 [INFO] IPUIPlugin:80 - create IPUIPlugin
2025-01-20 00:48:46,913 [INFO] PluginManager:220 - loadIPPluginJar : add cryp
2025-01-20 00:48:46,915 [INFO] IPUIPlugin:80 - create IPUIPlugin
2025-01-20 00:48:46,915 [INFO] PluginManager:220 - loadIPPluginJar : add ddr_ctrl_phy
2025-01-20 00:48:46,917 [INFO] IPUIPlugin:80 - create IPUIPlugin
2025-01-20 00:48:46,917 [INFO] PluginManager:220 - loadIPPluginJar : add dfsdm
2025-01-20 00:48:46,921 [INFO] IPUIPlugin:80 - create IPUIPlugin
2025-01-20 00:48:46,921 [INFO] PluginManager:220 - loadIPPluginJar : add dma
2025-01-20 00:48:46,924 [INFO] IPUIPlugin:80 - create IPUIPlugin
2025-01-20 00:48:46,925 [INFO] PluginManager:220 - loadIPPluginJar : add dma3
2025-01-20 00:48:46,928 [INFO] IPUIPlugin:80 - create IPUIPlugin
2025-01-20 00:48:46,928 [INFO] PluginManager:220 - loadIPPluginJar : add extmemmanager
2025-01-20 00:48:46,930 [INFO] IPUIPlugin:80 - create IPUIPlugin
2025-01-20 00:48:46,930 [INFO] PluginManager:220 - loadIPPluginJar : add fatfs
2025-01-20 00:48:46,933 [INFO] IPUIPlugin:80 - create IPUIPlugin
2025-01-20 00:48:46,933 [INFO] PluginManager:220 - loadIPPluginJar : add fmc
2025-01-20 00:48:46,937 [INFO] IPUIPlugin:80 - create IPUIPlugin
2025-01-20 00:48:46,937 [INFO] PluginManager:220 - loadIPPluginJar : add freertos
2025-01-20 00:48:46,938 [INFO] IPUIPlugin:80 - create IPUIPlugin
2025-01-20 00:48:46,938 [INFO] PluginManager:220 - loadIPPluginJar : add genericplugin
2025-01-20 00:48:46,940 [INFO] IPUIPlugin:80 - create IPUIPlugin
2025-01-20 00:48:46,940 [INFO] PluginManager:220 - loadIPPluginJar : add gfxmmu
2025-01-20 00:48:46,945 [INFO] IPUIPlugin:80 - create IPUIPlugin
2025-01-20 00:48:46,945 [INFO] PluginManager:220 - loadIPPluginJar : add gic
2025-01-20 00:48:46,948 [INFO] IPUIPlugin:80 - create IPUIPlugin
2025-01-20 00:48:46,948 [INFO] PluginManager:220 - loadIPPluginJar : add gpio
2025-01-20 00:48:46,950 [INFO] IPUIPlugin:80 - create IPUIPlugin
2025-01-20 00:48:46,950 [INFO] PluginManager:220 - loadIPPluginJar : add gtzc
2025-01-20 00:48:46,952 [INFO] IPUIPlugin:80 - create IPUIPlugin
2025-01-20 00:48:46,953 [INFO] PluginManager:220 - loadIPPluginJar : add hash
2025-01-20 00:48:46,954 [INFO] IPUIPlugin:80 - create IPUIPlugin
2025-01-20 00:48:46,955 [INFO] PluginManager:220 - loadIPPluginJar : add i2c
2025-01-20 00:48:46,957 [INFO] IPUIPlugin:80 - create IPUIPlugin
2025-01-20 00:48:46,957 [INFO] PluginManager:220 - loadIPPluginJar : add i2s
2025-01-20 00:48:46,960 [INFO] IPUIPlugin:80 - create IPUIPlugin
2025-01-20 00:48:46,960 [INFO] PluginManager:220 - loadIPPluginJar : add i3c
2025-01-20 00:48:46,962 [INFO] IPUIPlugin:80 - create IPUIPlugin
2025-01-20 00:48:46,962 [INFO] PluginManager:220 - loadIPPluginJar : add ipddr
2025-01-20 00:48:46,967 [INFO] IPUIPlugin:80 - create IPUIPlugin
2025-01-20 00:48:46,968 [INFO] PluginManager:220 - loadIPPluginJar : add linkedlist
2025-01-20 00:48:46,970 [INFO] IPUIPlugin:80 - create IPUIPlugin
2025-01-20 00:48:46,971 [INFO] PluginManager:220 - loadIPPluginJar : add lorawan
2025-01-20 00:48:46,972 [INFO] IPUIPlugin:80 - create IPUIPlugin
2025-01-20 00:48:46,972 [INFO] PluginManager:220 - loadIPPluginJar : add ltdc
2025-01-20 00:48:46,977 [INFO] IPUIPlugin:80 - create IPUIPlugin
2025-01-20 00:48:46,977 [INFO] PluginManager:220 - loadIPPluginJar : add mdma
2025-01-20 00:48:46,979 [INFO] IPUIPlugin:80 - create IPUIPlugin
2025-01-20 00:48:46,980 [INFO] PluginManager:220 - loadIPPluginJar : add nvic
2025-01-20 00:48:46,981 [INFO] IPUIPlugin:80 - create IPUIPlugin
2025-01-20 00:48:46,982 [INFO] PluginManager:220 - loadIPPluginJar : add opamp
2025-01-20 00:48:46,983 [INFO] IPUIPlugin:80 - create IPUIPlugin
2025-01-20 00:48:46,984 [INFO] PluginManager:220 - loadIPPluginJar : add openamp
2025-01-20 00:48:46,986 [INFO] IPUIPlugin:80 - create IPUIPlugin
2025-01-20 00:48:46,986 [INFO] PluginManager:220 - loadIPPluginJar : add pdm2pcm
2025-01-20 00:48:46,990 [INFO] IPUIPlugin:80 - create IPUIPlugin
2025-01-20 00:48:46,994 [INFO] PluginManager:220 - loadIPPluginJar : add plateformsettings
2025-01-20 00:48:46,995 [INFO] IPUIPlugin:80 - create IPUIPlugin
2025-01-20 00:48:46,995 [INFO] PluginManager:220 - loadIPPluginJar : add quadspi
2025-01-20 00:48:46,997 [INFO] IPUIPlugin:80 - create IPUIPlugin
2025-01-20 00:48:46,998 [INFO] PluginManager:220 - loadIPPluginJar : add radio
2025-01-20 00:48:47,000 [INFO] IPUIPlugin:80 - create IPUIPlugin
2025-01-20 00:48:47,000 [INFO] PluginManager:220 - loadIPPluginJar : add resmgrutility
2025-01-20 00:48:47,002 [INFO] IPUIPlugin:80 - create IPUIPlugin
2025-01-20 00:48:47,002 [INFO] PluginManager:220 - loadIPPluginJar : add sai
2025-01-20 00:48:47,004 [INFO] IPUIPlugin:80 - create IPUIPlugin
2025-01-20 00:48:47,004 [INFO] PluginManager:220 - loadIPPluginJar : add spi
2025-01-20 00:48:47,009 [INFO] IPUIPlugin:80 - create IPUIPlugin
2025-01-20 00:48:47,009 [INFO] PluginManager:220 - loadIPPluginJar : add stm32_wpan
2025-01-20 00:48:47,011 [INFO] IPUIPlugin:80 - create IPUIPlugin
2025-01-20 00:48:47,011 [INFO] PluginManager:220 - loadIPPluginJar : add tim
2025-01-20 00:48:47,014 [INFO] IPUIPlugin:80 - create IPUIPlugin
2025-01-20 00:48:47,014 [INFO] PluginManager:220 - loadIPPluginJar : add touchsensing
2025-01-20 00:48:47,015 [INFO] IPUIPlugin:80 - create IPUIPlugin
2025-01-20 00:48:47,015 [INFO] PluginManager:220 - loadIPPluginJar : add tracer_emb
2025-01-20 00:48:47,017 [INFO] IPUIPlugin:80 - create IPUIPlugin
2025-01-20 00:48:47,017 [INFO] PluginManager:220 - loadIPPluginJar : add ts
2025-01-20 00:48:47,018 [INFO] IPUIPlugin:80 - create IPUIPlugin
2025-01-20 00:48:47,018 [INFO] PluginManager:220 - loadIPPluginJar : add tsc
2025-01-20 00:48:47,020 [INFO] IPUIPlugin:80 - create IPUIPlugin
2025-01-20 00:48:47,021 [INFO] PluginManager:220 - loadIPPluginJar : add ucpd
2025-01-20 00:48:47,023 [INFO] IPUIPlugin:80 - create IPUIPlugin
2025-01-20 00:48:47,023 [INFO] PluginManager:220 - loadIPPluginJar : add usart
2025-01-20 00:48:47,026 [INFO] IPUIPlugin:80 - create IPUIPlugin
2025-01-20 00:48:47,026 [INFO] PluginManager:220 - loadIPPluginJar : add usbx
2025-01-20 00:48:47,127 [FATAL] Updater:351 - Updater called before beeing initialized
2025-01-20 00:48:47,148 [INFO] RulesReader:64 - Compatibility file has been processed (297 Rules)
2025-01-20 00:48:47,155 [INFO] RulesReader:64 - Compatibility file has been processed (297 Rules)
2025-01-20 00:48:47,165 [INFO] CADModel:165 - CPN selected for project level
2025-01-20 00:48:47,165 [INFO] CADModel:114 - Register for checkConnection events
2025-01-20 00:48:47,165 [FATAL] Updater:351 - Updater called before beeing initialized
2025-01-20 00:48:47,165 [ERROR] CADModel:125 - Updater not yet initialized, retry later 
2025-01-20 00:48:47,261 [FATAL] Updater:351 - Updater called before beeing initialized
2025-01-20 00:48:47,262 [INFO] CADModel:165 - CPN selected for project level
2025-01-20 00:48:47,263 [INFO] CADModel:114 - Register for checkConnection events
2025-01-20 00:48:47,263 [FATAL] Updater:351 - Updater called before beeing initialized
2025-01-20 00:48:47,263 [ERROR] CADModel:125 - Updater not yet initialized, retry later 
2025-01-20 00:48:47,266 [FATAL] Updater:351 - Updater called before beeing initialized
2025-01-20 00:48:47,334 [FATAL] Updater:351 - Updater called before beeing initialized
2025-01-20 00:48:47,337 [INFO] DbMcusAds:53 - JSON generation date=Thu Sep 30 09:55:09 EEST 2021 (1632984909247)
2025-01-20 00:48:47,337 [FATAL] Updater:351 - Updater called before beeing initialized
2025-01-20 00:48:47,362 [WARN] DetailPanel:346 - Failed to get advertising image, set to default
2025-01-20 00:48:47,544 [FATAL] Updater:351 - Updater called before beeing initialized
2025-01-20 00:48:47,545 [FATAL] Updater:351 - Updater called before beeing initialized
2025-01-20 00:48:47,545 [FATAL] Updater:351 - Updater called before beeing initialized
2025-01-20 00:48:47,546 [WARN] DetailPanel:346 - Failed to get advertising image, set to default
2025-01-20 00:48:47,547 [FATAL] Updater:351 - Updater called before beeing initialized
2025-01-20 00:48:47,572 [ERROR] Updater:1198 - MainUpdater not yet initialized. External WinMGr cannot be set.
2025-01-20 00:48:47,574 [INFO] Updater:1134 - Updater Version found : 6.13.0
2025-01-20 00:48:47,584 [INFO] ApplicationProperties:184 - Using Application install path: /opt/st/stm32cubeide_1.17.0/plugins/com.st.stm32cube.common.mx_6.13.0.202411220809
2025-01-20 00:48:47,812 [INFO] MainUpdater:2872 - connection check result : 10
2025-01-20 00:48:47,813 [INFO] MainUpdater:289 - Updater Check For Update Now.
2025-01-20 00:48:47,813 [INFO] MicroXplorer:498 - Change Database Version : DB.6.0.130
2025-01-20 00:48:47,816 [INFO] McuFinderGlobals:63 - Set McuFinder mode to 2 (CubeIDE integrated)
2025-01-20 00:48:47,816 [INFO] UserAuth:171 - activating auth plugin
2025-01-20 00:48:47,819 [INFO] UserAuth:486 - Internet connection configuration mode: 1
2025-01-20 00:48:47,828 [INFO] JxBrowserEngine:152 - Initiate JxBrowser Engine with user profile folder
2025-01-20 00:48:47,982 [INFO] CheckServerUpdateThread:120 - End of CheckServer Thread
2025-01-20 00:48:48,456 [INFO] WebApp:168 - Instantiating new browser for Auth
2025-01-20 00:48:48,995 [INFO] WebApp:449 - Apply proxy settings
2025-01-20 00:48:48,995 [INFO] WebApp:534 - Chromium requires no authentication
2025-01-20 00:48:49,001 [INFO] WebApp:477 - Direct internet connection detected
2025-01-20 00:48:49,020 [INFO] WebApp:880 - Register for checkConnection events
2025-01-20 00:48:49,021 [INFO] WebApp:449 - Apply proxy settings
2025-01-20 00:48:49,022 [INFO] WebApp:534 - Chromium requires no authentication
2025-01-20 00:48:49,023 [INFO] WebApp:477 - Direct internet connection detected
2025-01-20 00:48:49,178 [INFO] WebApp:221 - Starting web application
2025-01-20 00:48:49,178 [INFO] WebApp:579 - Web application path used /opt/st/stm32cubeide_1.17.0/plugins/com.st.stm32cube.common.mx_6.13.0.202411220809/db/plugins/mcufinder/reactClient1/index.html
2025-01-20 00:48:49,456 [INFO] WebApp:187 - Connection restablished
2025-01-20 00:48:49,630 [WARN] PackLoader:240 - Cannot read IP mode file for STMicroelectronics.FP-SNS-MOTENVWB1.1.4.0
2025-01-20 00:48:49,636 [WARN] PackLoader:240 - Cannot read IP mode file for STMicroelectronics.FP-ATR-ASTRA1.2.0.1
2025-01-20 00:48:49,642 [WARN] PackLoader:240 - Cannot read IP mode file for STMicroelectronics.X-CUBE-SMBUS.2.1.0
2025-01-20 00:48:49,658 [WARN] PackLoader:240 - Cannot read IP mode file for STMicroelectronics.X-CUBE-WB05N.1.1.0
2025-01-20 00:48:49,682 [WARN] PackLoader:240 - Cannot read IP mode file for STMicroelectronics.X-CUBE-AZRTOS-F7.1.1.0
2025-01-20 00:48:49,690 [WARN] PackLoader:240 - Cannot read IP mode file for STMicroelectronics.FP-SNS-FLIGHT1.5.0.2
2025-01-20 00:48:49,715 [WARN] PackLoader:240 - Cannot read IP mode file for Infineon.AIROC-Wi-Fi-Bluetooth-STM32.1.7.0
2025-01-20 00:48:49,729 [WARN] PackLoader:240 - Cannot read IP mode file for STMicroelectronics.X-CUBE-DISPLAY.3.0.0
2025-01-20 00:48:49,738 [WARN] PackLoader:240 - Cannot read IP mode file for STMicroelectronics.X-CUBE-BLE1.7.0.0
2025-01-20 00:48:49,744 [WARN] PackLoader:240 - Cannot read IP mode file for STMicroelectronics.X-CUBE-NFC10.1.0.0
2025-01-20 00:48:49,755 [WARN] PackLoader:240 - Cannot read IP mode file for STMicroelectronics.X-CUBE-BLEMGR.4.0.0
2025-01-20 00:48:49,762 [WARN] PackLoader:240 - Cannot read IP mode file for emotas.I-CUBE-CANOPEN.1.3.0
2025-01-20 00:48:49,767 [WARN] PackLoader:240 - Cannot read IP mode file for STMicroelectronics.FP-SNS-SMARTAG2.1.2.0
2025-01-20 00:48:49,814 [WARN] PackLoader:240 - Cannot read IP mode file for STMicroelectronics.X-CUBE-MEMS1.11.1.0
2025-01-20 00:48:50,026 [INFO] LogOutputStream:77 - [STDOUT_REDIRECT] 1 : Invalid condition id : UX_CORESTACK_Condition cause : null
2025-01-20 00:48:50,027 [INFO] LogOutputStream:77 - [STDOUT_REDIRECT] 1 : Invalid condition id : UX_CORESTACK_Condition cause : null
2025-01-20 00:48:50,027 [INFO] LogOutputStream:77 - [STDOUT_REDIRECT] 1 : Invalid condition id : UX_CORESTACK_Condition cause : null
2025-01-20 00:48:50,028 [INFO] LogOutputStream:77 - [STDOUT_REDIRECT] 1 : Invalid condition id : UX_CORESTACK_Condition cause : null
2025-01-20 00:48:50,028 [INFO] LogOutputStream:77 - [STDOUT_REDIRECT] 1 : Invalid condition id : UX_CORESTACK_Condition cause : null
2025-01-20 00:48:50,031 [WARN] PackLoader:240 - Cannot read IP mode file for STMicroelectronics.X-CUBE-AZRTOS-WL.2.0.0
2025-01-20 00:48:50,036 [WARN] PackLoader:240 - Cannot read IP mode file for STMicroelectronics.FP-SNS-MOTENV1.5.0.0
2025-01-20 00:48:50,041 [WARN] PackLoader:240 - Cannot read IP mode file for wolfSSL.I-CUBE-wolfMQTT.1.19.0
2025-01-20 00:48:50,048 [WARN] PackLoader:240 - Cannot read IP mode file for WES.I-CUBE-Cesium.1.3.0
2025-01-20 00:48:50,051 [WARN] PackLoader:240 - Cannot read IP mode file for STMicroelectronics.X-CUBE-BLE2.3.3.0
2025-01-20 00:48:50,056 [WARN] PackLoader:240 - Cannot read IP mode file for STMicroelectronics.X-CUBE-NFC9.1.0.0
2025-01-20 00:48:50,067 [WARN] PackLoader:240 - Cannot read IP mode file for STMicroelectronics.X-CUBE-AZRTOS-G0.1.1.0
2025-01-20 00:48:50,073 [WARN] PackLoader:240 - Cannot read IP mode file for STMicroelectronics.X-CUBE-SAFEA1.1.2.2
2025-01-20 00:48:50,077 [WARN] PackLoader:240 - Cannot read IP mode file for STMicroelectronics.X-CUBE-NFC4.3.0.0
2025-01-20 00:48:50,083 [WARN] PackLoader:240 - Cannot read IP mode file for EmbeddedOffice.I-CUBE-FS-RTOS.1.0.1
2025-01-20 00:48:50,088 [WARN] PackLoader:240 - Cannot read IP mode file for STMicroelectronics.X-CUBE-TCPP.4.2.0
2025-01-20 00:48:50,091 [WARN] PackLoader:240 - Cannot read IP mode file for RealThread.X-CUBE-RT-Thread_Nano.4.1.1
2025-01-20 00:48:50,094 [WARN] PackLoader:240 - Cannot read IP mode file for STMicroelectronics.FP-ATR-SIGFOX1.3.2.0
2025-01-20 00:48:50,097 [WARN] ConditionMgr:438 - getConditionDescription Invalid condition id : Cortex-A Device cause : null
2025-01-20 00:48:50,119 [WARN] ConditionMgr:1044 - genDependencies : Invalid condition id : Cortex-A Device cause : null
2025-01-20 00:48:50,120 [WARN] ConditionMgr:1044 - genDependencies : Invalid condition id : Cortex-A Device cause : null
2025-01-20 00:48:50,120 [WARN] ConditionMgr:1044 - genDependencies : Invalid condition id : Cortex-A Device cause : null
2025-01-20 00:48:50,129 [WARN] PackLoader:240 - Cannot read IP mode file for STMicroelectronics.X-CUBE-EEPRMA1.5.1.0
2025-01-20 00:48:50,136 [WARN] PackLoader:240 - Cannot read IP mode file for wolfSSL.I-CUBE-wolfSSL.5.7.4
2025-01-20 00:48:50,150 [WARN] PackLoader:240 - Cannot read IP mode file for ITTIA_DB.I-CUBE-ITTIADB.8.9.0
2025-01-20 00:48:50,174 [WARN] PackLoader:240 - Cannot read IP mode file for SEGGER.I-CUBE-embOS.1.3.1
2025-01-20 00:48:50,230 [WARN] PackLoader:240 - Cannot read IP mode file for STMicroelectronics.X-CUBE-ALGOBUILD.1.4.0
2025-01-20 00:48:50,236 [WARN] PackLoader:240 - Cannot read IP mode file for STMicroelectronics.X-CUBE-AI.9.1.0
2025-01-20 00:48:50,247 [WARN] PackLoader:240 - Cannot read IP mode file for STMicroelectronics.X-CUBE-AZRTOS-F4.1.1.0
2025-01-20 00:48:50,252 [WARN] PackLoader:240 - Cannot read IP mode file for STMicroelectronics.X-CUBE-ISPU.2.1.0
2025-01-20 00:48:50,262 [WARN] PackLoader:240 - Cannot read IP mode file for STMicroelectronics.X-CUBE-AZRTOS-L5.2.0.0
2025-01-20 00:48:50,270 [WARN] PackLoader:240 - Cannot read IP mode file for STMicroelectronics.X-CUBE-NFC6.3.1.0
2025-01-20 00:48:50,274 [WARN] PackLoader:240 - Cannot read IP mode file for STMicroelectronics.X-CUBE-DPower.1.2.0
2025-01-20 00:48:50,279 [WARN] PackLoader:240 - Cannot read IP mode file for STMicroelectronics.X-CUBE-FREERTOS.1.3.0
2025-01-20 00:48:50,282 [WARN] PackLoader:240 - Cannot read IP mode file for STMicroelectronics.X-CUBE-NFC7.1.0.1
2025-01-20 00:48:50,294 [WARN] ConditionMgr:438 - getConditionDescription Invalid condition id : LAN8742 Phy interface Condition cause : null
2025-01-20 00:48:50,295 [WARN] PackLoader:240 - Cannot read IP mode file for STMicroelectronics.X-CUBE-AZRTOS-L4.2.0.0
2025-01-20 00:48:50,296 [WARN] ConditionMgr:1044 - genDependencies : Invalid condition id : LAN8742 Phy interface Condition cause : null
2025-01-20 00:48:50,296 [WARN] ConditionMgr:1044 - genDependencies : Invalid condition id : LAN8742 Phy interface Condition cause : null
2025-01-20 00:48:50,297 [WARN] ConditionMgr:1044 - genDependencies : Invalid condition id : LAN8742 Phy interface Condition cause : null
2025-01-20 00:48:50,302 [WARN] PackLoader:240 - Cannot read IP mode file for STMicroelectronics.X-CUBE-SFXS2LP1.4.0.0
2025-01-20 00:48:50,317 [WARN] PackLoader:240 - Cannot read IP mode file for STMicroelectronics.X-CUBE-AZRTOS-H7.3.3.0
2025-01-20 00:48:50,328 [WARN] ConditionMgr:438 - getConditionDescription Invalid condition id : UX DEVICE CLASS RTOS Condition cause : null
2025-01-20 00:48:50,328 [WARN] ConditionMgr:438 - getConditionDescription Invalid condition id : UX DEVICE CLASS RTOS Condition cause : null
2025-01-20 00:48:50,330 [WARN] PackLoader:240 - Cannot read IP mode file for STMicroelectronics.X-CUBE-AZRTOS-WB.2.0.0
2025-01-20 00:48:50,330 [WARN] ConditionMgr:1044 - genDependencies : Invalid condition id : UX DEVICE CLASS RTOS Condition cause : null
2025-01-20 00:48:50,330 [WARN] ConditionMgr:1044 - genDependencies : Invalid condition id : UX DEVICE CLASS RTOS Condition cause : null
2025-01-20 00:48:50,331 [WARN] ConditionMgr:1044 - genDependencies : Invalid condition id : UX DEVICE CLASS RTOS Condition cause : null
2025-01-20 00:48:50,331 [WARN] ConditionMgr:1044 - genDependencies : Invalid condition id : UX DEVICE CLASS RTOS Condition cause : null
2025-01-20 00:48:50,331 [WARN] ConditionMgr:1044 - genDependencies : Invalid condition id : UX DEVICE CLASS RTOS Condition cause : null
2025-01-20 00:48:50,342 [WARN] PackLoader:240 - Cannot read IP mode file for STMicroelectronics.X-CUBE-GNSS1.7.0.1
2025-01-20 00:48:50,348 [WARN] PackLoader:240 - Cannot read IP mode file for STMicroelectronics.FP-SNS-STBOX1.2.0.0
2025-01-20 00:48:50,357 [WARN] PackLoader:240 - Cannot read IP mode file for STMicroelectronics.X-CUBE-SUBG2.5.0.0
2025-01-20 00:48:50,363 [WARN] PackLoader:240 - Cannot read IP mode file for Cesanta.I-CUBE-Mongoose.7.13.0
2025-01-20 00:48:50,373 [WARN] PackLoader:240 - Cannot read IP mode file for STMicroelectronics.X-CUBE-AZRTOS-G4.2.0.0
2025-01-20 00:48:50,386 [WARN] PackLoader:240 - Cannot read IP mode file for STMicroelectronics.X-CUBE-IPS.3.1.0
2025-01-20 00:48:50,393 [WARN] PackLoader:240 - Cannot read IP mode file for STMicroelectronics.X-CUBE-ALS.1.0.2
2025-01-20 00:48:50,397 [WARN] PackLoader:240 - Cannot read IP mode file for STMicroelectronics.X-CUBE-TOUCHGFX.4.24.2
2025-01-20 00:48:50,400 [WARN] PackLoader:240 - Cannot read IP mode file for wolfSSL.I-CUBE-wolfTPM.3.4.0
2025-01-20 00:48:50,404 [WARN] PackLoader:240 - Cannot read IP mode file for portGmbH.I-Cube-SoM-uGOAL.1.1.0
2025-01-20 00:48:50,418 [WARN] PackLoader:240 - Cannot read IP mode file for STMicroelectronics.X-CUBE-AZRTOS-H7RS.1.0.0
2025-01-20 00:48:50,427 [WARN] PackLoader:240 - Cannot read IP mode file for STMicroelectronics.X-CUBE-TOF1.3.4.2
2025-01-20 00:48:50,435 [WARN] PackLoader:240 - Cannot read IP mode file for wolfSSL.I-CUBE-wolfSSH.1.4.17
2025-01-20 00:48:50,435 [INFO] ThirdParty:978 - Integrity check success = true
2025-01-20 00:48:50,436 [INFO] IntegrityCheckThread:100 - exiting critical section [integrity check]
2025-01-20 00:48:50,436 [INFO] IntegrityCheckThread:103 - End integrity checks thread
2025-01-20 00:49:11,927 [ERROR] LogOutputStream:75 - [STDERR_REDIRECT] Jan 20, 2025 12:49:11 AM java.util.prefs.FileSystemPreferences checkLockFile0ErrorCode
2025-01-20 00:49:11,928 [ERROR] LogOutputStream:75 - [STDERR_REDIRECT] WARNING: Could not lock System prefs. Unix error code 2.
2025-01-20 00:49:11,928 [ERROR] LogOutputStream:75 - [STDERR_REDIRECT] 
2025-01-20 00:49:11,931 [ERROR] LogOutputStream:75 - [STDERR_REDIRECT] Jan 20, 2025 12:49:11 AM java.util.prefs.FileSystemPreferences syncWorld
2025-01-20 00:49:11,931 [ERROR] LogOutputStream:75 - [STDERR_REDIRECT] WARNING: Couldn't flush system prefs: java.util.prefs.BackingStoreException: Couldn't get file lock.
2025-01-20 00:49:11,931 [ERROR] LogOutputStream:75 - [STDERR_REDIRECT] 
2025-01-20 00:49:41,910 [ERROR] LogOutputStream:75 - [STDERR_REDIRECT] Jan 20, 2025 12:49:41 AM java.util.prefs.FileSystemPreferences checkLockFile0ErrorCode
2025-01-20 00:49:41,911 [ERROR] LogOutputStream:75 - [STDERR_REDIRECT] WARNING: Could not lock System prefs. Unix error code 2.
2025-01-20 00:49:41,911 [ERROR] LogOutputStream:75 - [STDERR_REDIRECT] 
2025-01-20 00:49:41,913 [ERROR] LogOutputStream:75 - [STDERR_REDIRECT] Jan 20, 2025 12:49:41 AM java.util.prefs.FileSystemPreferences syncWorld
2025-01-20 00:49:41,913 [ERROR] LogOutputStream:75 - [STDERR_REDIRECT] WARNING: Couldn't flush system prefs: java.util.prefs.BackingStoreException: Couldn't get file lock.
2025-01-20 00:49:41,914 [ERROR] LogOutputStream:75 - [STDERR_REDIRECT] 
2025-01-20 00:50:11,910 [ERROR] LogOutputStream:75 - [STDERR_REDIRECT] Jan 20, 2025 12:50:11 AM java.util.prefs.FileSystemPreferences checkLockFile0ErrorCode
2025-01-20 00:50:11,910 [ERROR] LogOutputStream:75 - [STDERR_REDIRECT] WARNING: Could not lock System prefs. Unix error code 2.
2025-01-20 00:50:11,911 [ERROR] LogOutputStream:75 - [STDERR_REDIRECT] 
2025-01-20 00:50:11,913 [ERROR] LogOutputStream:75 - [STDERR_REDIRECT] Jan 20, 2025 12:50:11 AM java.util.prefs.FileSystemPreferences syncWorld
2025-01-20 00:50:11,913 [ERROR] LogOutputStream:75 - [STDERR_REDIRECT] WARNING: Couldn't flush system prefs: java.util.prefs.BackingStoreException: Couldn't get file lock.
2025-01-20 00:50:11,913 [ERROR] LogOutputStream:75 - [STDERR_REDIRECT] 
2025-01-20 00:50:41,910 [ERROR] LogOutputStream:75 - [STDERR_REDIRECT] Jan 20, 2025 12:50:41 AM java.util.prefs.FileSystemPreferences checkLockFile0ErrorCode
2025-01-20 00:50:41,910 [ERROR] LogOutputStream:75 - [STDERR_REDIRECT] WARNING: Could not lock System prefs. Unix error code 2.
2025-01-20 00:50:41,910 [ERROR] LogOutputStream:75 - [STDERR_REDIRECT] 
2025-01-20 00:50:41,911 [ERROR] LogOutputStream:75 - [STDERR_REDIRECT] Jan 20, 2025 12:50:41 AM java.util.prefs.FileSystemPreferences syncWorld
2025-01-20 00:50:41,911 [ERROR] LogOutputStream:75 - [STDERR_REDIRECT] WARNING: Couldn't flush system prefs: java.util.prefs.BackingStoreException: Couldn't get file lock.
2025-01-20 00:50:41,911 [ERROR] LogOutputStream:75 - [STDERR_REDIRECT] 
2025-01-20 00:51:11,909 [ERROR] LogOutputStream:75 - [STDERR_REDIRECT] Jan 20, 2025 12:51:11 AM java.util.prefs.FileSystemPreferences checkLockFile0ErrorCode
2025-01-20 00:51:11,910 [ERROR] LogOutputStream:75 - [STDERR_REDIRECT] WARNING: Could not lock System prefs. Unix error code 2.
2025-01-20 00:51:11,910 [ERROR] LogOutputStream:75 - [STDERR_REDIRECT] 
2025-01-20 00:51:11,910 [ERROR] LogOutputStream:75 - [STDERR_REDIRECT] Jan 20, 2025 12:51:11 AM java.util.prefs.FileSystemPreferences syncWorld
2025-01-20 00:51:11,910 [ERROR] LogOutputStream:75 - [STDERR_REDIRECT] WARNING: Couldn't flush system prefs: java.util.prefs.BackingStoreException: Couldn't get file lock.
2025-01-20 00:51:11,910 [ERROR] LogOutputStream:75 - [STDERR_REDIRECT] 
2025-01-20 00:51:41,910 [ERROR] LogOutputStream:75 - [STDERR_REDIRECT] Jan 20, 2025 12:51:41 AM java.util.prefs.FileSystemPreferences checkLockFile0ErrorCode
2025-01-20 00:51:41,911 [ERROR] LogOutputStream:75 - [STDERR_REDIRECT] WARNING: Could not lock System prefs. Unix error code 2.
2025-01-20 00:51:41,911 [ERROR] LogOutputStream:75 - [STDERR_REDIRECT] 
2025-01-20 00:51:41,911 [ERROR] LogOutputStream:75 - [STDERR_REDIRECT] Jan 20, 2025 12:51:41 AM java.util.prefs.FileSystemPreferences syncWorld
2025-01-20 00:51:41,911 [ERROR] LogOutputStream:75 - [STDERR_REDIRECT] WARNING: Couldn't flush system prefs: java.util.prefs.BackingStoreException: Couldn't get file lock.
2025-01-20 00:51:41,911 [ERROR] LogOutputStream:75 - [STDERR_REDIRECT] 
2025-01-20 00:52:11,912 [ERROR] LogOutputStream:75 - [STDERR_REDIRECT] Jan 20, 2025 12:52:11 AM java.util.prefs.FileSystemPreferences checkLockFile0ErrorCode
2025-01-20 00:52:11,912 [ERROR] LogOutputStream:75 - [STDERR_REDIRECT] WARNING: Could not lock System prefs. Unix error code 2.
2025-01-20 00:52:11,912 [ERROR] LogOutputStream:75 - [STDERR_REDIRECT] 
2025-01-20 00:52:11,913 [ERROR] LogOutputStream:75 - [STDERR_REDIRECT] Jan 20, 2025 12:52:11 AM java.util.prefs.FileSystemPreferences syncWorld
2025-01-20 00:52:11,913 [ERROR] LogOutputStream:75 - [STDERR_REDIRECT] WARNING: Couldn't flush system prefs: java.util.prefs.BackingStoreException: Couldn't get file lock.
2025-01-20 00:52:11,913 [ERROR] LogOutputStream:75 - [STDERR_REDIRECT] 
2025-01-20 00:52:41,912 [ERROR] LogOutputStream:75 - [STDERR_REDIRECT] Jan 20, 2025 12:52:41 AM java.util.prefs.FileSystemPreferences checkLockFile0ErrorCode
2025-01-20 00:52:41,912 [ERROR] LogOutputStream:75 - [STDERR_REDIRECT] WARNING: Could not lock System prefs. Unix error code 2.
2025-01-20 00:52:41,912 [ERROR] LogOutputStream:75 - [STDERR_REDIRECT] 
2025-01-20 00:52:41,912 [ERROR] LogOutputStream:75 - [STDERR_REDIRECT] Jan 20, 2025 12:52:41 AM java.util.prefs.FileSystemPreferences syncWorld
2025-01-20 00:52:41,913 [ERROR] LogOutputStream:75 - [STDERR_REDIRECT] WARNING: Couldn't flush system prefs: java.util.prefs.BackingStoreException: Couldn't get file lock.
2025-01-20 00:52:41,913 [ERROR] LogOutputStream:75 - [STDERR_REDIRECT] 
2025-01-20 00:53:11,911 [ERROR] LogOutputStream:75 - [STDERR_REDIRECT] Jan 20, 2025 12:53:11 AM java.util.prefs.FileSystemPreferences checkLockFile0ErrorCode
2025-01-20 00:53:11,911 [ERROR] LogOutputStream:75 - [STDERR_REDIRECT] WARNING: Could not lock System prefs. Unix error code 2.
2025-01-20 00:53:11,911 [ERROR] LogOutputStream:75 - [STDERR_REDIRECT] 
2025-01-20 00:53:11,911 [ERROR] LogOutputStream:75 - [STDERR_REDIRECT] Jan 20, 2025 12:53:11 AM java.util.prefs.FileSystemPreferences syncWorld
2025-01-20 00:53:11,912 [ERROR] LogOutputStream:75 - [STDERR_REDIRECT] WARNING: Couldn't flush system prefs: java.util.prefs.BackingStoreException: Couldn't get file lock.
2025-01-20 00:53:11,912 [ERROR] LogOutputStream:75 - [STDERR_REDIRECT] 
2025-01-20 00:53:41,911 [ERROR] LogOutputStream:75 - [STDERR_REDIRECT] Jan 20, 2025 12:53:41 AM java.util.prefs.FileSystemPreferences checkLockFile0ErrorCode
2025-01-20 00:53:41,911 [ERROR] LogOutputStream:75 - [STDERR_REDIRECT] WARNING: Could not lock System prefs. Unix error code 2.
2025-01-20 00:53:41,911 [ERROR] LogOutputStream:75 - [STDERR_REDIRECT] 
2025-01-20 00:53:41,912 [ERROR] LogOutputStream:75 - [STDERR_REDIRECT] Jan 20, 2025 12:53:41 AM java.util.prefs.FileSystemPreferences syncWorld
2025-01-20 00:53:41,912 [ERROR] LogOutputStream:75 - [STDERR_REDIRECT] WARNING: Couldn't flush system prefs: java.util.prefs.BackingStoreException: Couldn't get file lock.
2025-01-20 00:53:41,912 [ERROR] LogOutputStream:75 - [STDERR_REDIRECT] 
2025-01-20 00:54:11,913 [ERROR] LogOutputStream:75 - [STDERR_REDIRECT] Jan 20, 2025 12:54:11 AM java.util.prefs.FileSystemPreferences checkLockFile0ErrorCode
2025-01-20 00:54:11,913 [ERROR] LogOutputStream:75 - [STDERR_REDIRECT] WARNING: Could not lock System prefs. Unix error code 2.
2025-01-20 00:54:11,913 [ERROR] LogOutputStream:75 - [STDERR_REDIRECT] 
2025-01-20 00:54:11,914 [ERROR] LogOutputStream:75 - [STDERR_REDIRECT] Jan 20, 2025 12:54:11 AM java.util.prefs.FileSystemPreferences syncWorld
2025-01-20 00:54:11,914 [ERROR] LogOutputStream:75 - [STDERR_REDIRECT] WARNING: Couldn't flush system prefs: java.util.prefs.BackingStoreException: Couldn't get file lock.
2025-01-20 00:54:11,914 [ERROR] LogOutputStream:75 - [STDERR_REDIRECT] 
2025-01-20 00:54:41,913 [ERROR] LogOutputStream:75 - [STDERR_REDIRECT] Jan 20, 2025 12:54:41 AM java.util.prefs.FileSystemPreferences checkLockFile0ErrorCode
2025-01-20 00:54:41,913 [ERROR] LogOutputStream:75 - [STDERR_REDIRECT] WARNING: Could not lock System prefs. Unix error code 2.
2025-01-20 00:54:41,914 [ERROR] LogOutputStream:75 - [STDERR_REDIRECT] 
2025-01-20 00:54:41,914 [ERROR] LogOutputStream:75 - [STDERR_REDIRECT] Jan 20, 2025 12:54:41 AM java.util.prefs.FileSystemPreferences syncWorld
2025-01-20 00:54:41,914 [ERROR] LogOutputStream:75 - [STDERR_REDIRECT] WARNING: Couldn't flush system prefs: java.util.prefs.BackingStoreException: Couldn't get file lock.
2025-01-20 00:54:41,914 [ERROR] LogOutputStream:75 - [STDERR_REDIRECT] 
2025-01-20 00:55:11,914 [ERROR] LogOutputStream:75 - [STDERR_REDIRECT] Jan 20, 2025 12:55:11 AM java.util.prefs.FileSystemPreferences checkLockFile0ErrorCode
2025-01-20 00:55:11,914 [ERROR] LogOutputStream:75 - [STDERR_REDIRECT] WARNING: Could not lock System prefs. Unix error code 2.
2025-01-20 00:55:11,914 [ERROR] LogOutputStream:75 - [STDERR_REDIRECT] 
2025-01-20 00:55:11,914 [ERROR] LogOutputStream:75 - [STDERR_REDIRECT] Jan 20, 2025 12:55:11 AM java.util.prefs.FileSystemPreferences syncWorld
2025-01-20 00:55:11,915 [ERROR] LogOutputStream:75 - [STDERR_REDIRECT] WARNING: Couldn't flush system prefs: java.util.prefs.BackingStoreException: Couldn't get file lock.
2025-01-20 00:55:11,915 [ERROR] LogOutputStream:75 - [STDERR_REDIRECT] 
2025-01-20 00:55:41,914 [ERROR] LogOutputStream:75 - [STDERR_REDIRECT] Jan 20, 2025 12:55:41 AM java.util.prefs.FileSystemPreferences checkLockFile0ErrorCode
2025-01-20 00:55:41,914 [ERROR] LogOutputStream:75 - [STDERR_REDIRECT] WARNING: Could not lock System prefs. Unix error code 2.
2025-01-20 00:55:41,914 [ERROR] LogOutputStream:75 - [STDERR_REDIRECT] 
2025-01-20 00:55:41,915 [ERROR] LogOutputStream:75 - [STDERR_REDIRECT] Jan 20, 2025 12:55:41 AM java.util.prefs.FileSystemPreferences syncWorld
2025-01-20 00:55:41,915 [ERROR] LogOutputStream:75 - [STDERR_REDIRECT] WARNING: Couldn't flush system prefs: java.util.prefs.BackingStoreException: Couldn't get file lock.
2025-01-20 00:55:41,915 [ERROR] LogOutputStream:75 - [STDERR_REDIRECT] 
2025-01-20 00:56:11,913 [ERROR] LogOutputStream:75 - [STDERR_REDIRECT] Jan 20, 2025 12:56:11 AM java.util.prefs.FileSystemPreferences checkLockFile0ErrorCode
2025-01-20 00:56:11,914 [ERROR] LogOutputStream:75 - [STDERR_REDIRECT] WARNING: Could not lock System prefs. Unix error code 2.
2025-01-20 00:56:11,914 [ERROR] LogOutputStream:75 - [STDERR_REDIRECT] 
2025-01-20 00:56:11,914 [ERROR] LogOutputStream:75 - [STDERR_REDIRECT] Jan 20, 2025 12:56:11 AM java.util.prefs.FileSystemPreferences syncWorld
2025-01-20 00:56:11,914 [ERROR] LogOutputStream:75 - [STDERR_REDIRECT] WARNING: Couldn't flush system prefs: java.util.prefs.BackingStoreException: Couldn't get file lock.
2025-01-20 00:56:11,914 [ERROR] LogOutputStream:75 - [STDERR_REDIRECT] 
2025-01-20 00:56:41,912 [ERROR] LogOutputStream:75 - [STDERR_REDIRECT] Jan 20, 2025 12:56:41 AM java.util.prefs.FileSystemPreferences checkLockFile0ErrorCode
2025-01-20 00:56:41,912 [ERROR] LogOutputStream:75 - [STDERR_REDIRECT] WARNING: Could not lock System prefs. Unix error code 2.
2025-01-20 00:56:41,912 [ERROR] LogOutputStream:75 - [STDERR_REDIRECT] 
2025-01-20 00:56:41,913 [ERROR] LogOutputStream:75 - [STDERR_REDIRECT] Jan 20, 2025 12:56:41 AM java.util.prefs.FileSystemPreferences syncWorld
2025-01-20 00:56:41,913 [ERROR] LogOutputStream:75 - [STDERR_REDIRECT] WARNING: Couldn't flush system prefs: java.util.prefs.BackingStoreException: Couldn't get file lock.
2025-01-20 00:56:41,913 [ERROR] LogOutputStream:75 - [STDERR_REDIRECT] 
2025-01-20 00:57:11,914 [ERROR] LogOutputStream:75 - [STDERR_REDIRECT] Jan 20, 2025 12:57:11 AM java.util.prefs.FileSystemPreferences checkLockFile0ErrorCode
2025-01-20 00:57:11,914 [ERROR] LogOutputStream:75 - [STDERR_REDIRECT] WARNING: Could not lock System prefs. Unix error code 2.
2025-01-20 00:57:11,914 [ERROR] LogOutputStream:75 - [STDERR_REDIRECT] 
2025-01-20 00:57:11,915 [ERROR] LogOutputStream:75 - [STDERR_REDIRECT] Jan 20, 2025 12:57:11 AM java.util.prefs.FileSystemPreferences syncWorld
2025-01-20 00:57:11,915 [ERROR] LogOutputStream:75 - [STDERR_REDIRECT] WARNING: Couldn't flush system prefs: java.util.prefs.BackingStoreException: Couldn't get file lock.
2025-01-20 00:57:11,915 [ERROR] LogOutputStream:75 - [STDERR_REDIRECT] 
2025-01-20 00:57:41,914 [ERROR] LogOutputStream:75 - [STDERR_REDIRECT] Jan 20, 2025 12:57:41 AM java.util.prefs.FileSystemPreferences checkLockFile0ErrorCode
2025-01-20 00:57:41,914 [ERROR] LogOutputStream:75 - [STDERR_REDIRECT] WARNING: Could not lock System prefs. Unix error code 2.
2025-01-20 00:57:41,914 [ERROR] LogOutputStream:75 - [STDERR_REDIRECT] 
2025-01-20 00:57:41,915 [ERROR] LogOutputStream:75 - [STDERR_REDIRECT] Jan 20, 2025 12:57:41 AM java.util.prefs.FileSystemPreferences syncWorld
2025-01-20 00:57:41,915 [ERROR] LogOutputStream:75 - [STDERR_REDIRECT] WARNING: Couldn't flush system prefs: java.util.prefs.BackingStoreException: Couldn't get file lock.
2025-01-20 00:57:41,915 [ERROR] LogOutputStream:75 - [STDERR_REDIRECT] 
2025-01-20 00:58:11,914 [ERROR] LogOutputStream:75 - [STDERR_REDIRECT] Jan 20, 2025 12:58:11 AM java.util.prefs.FileSystemPreferences checkLockFile0ErrorCode
2025-01-20 00:58:11,914 [ERROR] LogOutputStream:75 - [STDERR_REDIRECT] WARNING: Could not lock System prefs. Unix error code 2.
2025-01-20 00:58:11,915 [ERROR] LogOutputStream:75 - [STDERR_REDIRECT] 
2025-01-20 00:58:11,915 [ERROR] LogOutputStream:75 - [STDERR_REDIRECT] Jan 20, 2025 12:58:11 AM java.util.prefs.FileSystemPreferences syncWorld
2025-01-20 00:58:11,915 [ERROR] LogOutputStream:75 - [STDERR_REDIRECT] WARNING: Couldn't flush system prefs: java.util.prefs.BackingStoreException: Couldn't get file lock.
2025-01-20 00:58:11,915 [ERROR] LogOutputStream:75 - [STDERR_REDIRECT] 
2025-01-20 00:58:41,913 [ERROR] LogOutputStream:75 - [STDERR_REDIRECT] Jan 20, 2025 12:58:41 AM java.util.prefs.FileSystemPreferences checkLockFile0ErrorCode
2025-01-20 00:58:41,914 [ERROR] LogOutputStream:75 - [STDERR_REDIRECT] WARNING: Could not lock System prefs. Unix error code 2.
2025-01-20 00:58:41,914 [ERROR] LogOutputStream:75 - [STDERR_REDIRECT] 
2025-01-20 00:58:41,914 [ERROR] LogOutputStream:75 - [STDERR_REDIRECT] Jan 20, 2025 12:58:41 AM java.util.prefs.FileSystemPreferences syncWorld
2025-01-20 00:58:41,915 [ERROR] LogOutputStream:75 - [STDERR_REDIRECT] WARNING: Couldn't flush system prefs: java.util.prefs.BackingStoreException: Couldn't get file lock.
2025-01-20 00:58:41,915 [ERROR] LogOutputStream:75 - [STDERR_REDIRECT] 
2025-01-20 00:59:11,914 [ERROR] LogOutputStream:75 - [STDERR_REDIRECT] Jan 20, 2025 12:59:11 AM java.util.prefs.FileSystemPreferences checkLockFile0ErrorCode
2025-01-20 00:59:11,914 [ERROR] LogOutputStream:75 - [STDERR_REDIRECT] WARNING: Could not lock System prefs. Unix error code 2.
2025-01-20 00:59:11,914 [ERROR] LogOutputStream:75 - [STDERR_REDIRECT] 
2025-01-20 00:59:11,915 [ERROR] LogOutputStream:75 - [STDERR_REDIRECT] Jan 20, 2025 12:59:11 AM java.util.prefs.FileSystemPreferences syncWorld
2025-01-20 00:59:11,915 [ERROR] LogOutputStream:75 - [STDERR_REDIRECT] WARNING: Couldn't flush system prefs: java.util.prefs.BackingStoreException: Couldn't get file lock.
2025-01-20 00:59:11,915 [ERROR] LogOutputStream:75 - [STDERR_REDIRECT] 
2025-01-20 00:59:41,914 [ERROR] LogOutputStream:75 - [STDERR_REDIRECT] Jan 20, 2025 12:59:41 AM java.util.prefs.FileSystemPreferences checkLockFile0ErrorCode
2025-01-20 00:59:41,914 [ERROR] LogOutputStream:75 - [STDERR_REDIRECT] WARNING: Could not lock System prefs. Unix error code 2.
2025-01-20 00:59:41,914 [ERROR] LogOutputStream:75 - [STDERR_REDIRECT] 
2025-01-20 00:59:41,914 [ERROR] LogOutputStream:75 - [STDERR_REDIRECT] Jan 20, 2025 12:59:41 AM java.util.prefs.FileSystemPreferences syncWorld
2025-01-20 00:59:41,915 [ERROR] LogOutputStream:75 - [STDERR_REDIRECT] WARNING: Couldn't flush system prefs: java.util.prefs.BackingStoreException: Couldn't get file lock.
2025-01-20 00:59:41,915 [ERROR] LogOutputStream:75 - [STDERR_REDIRECT] 
2025-01-20 01:00:11,913 [ERROR] LogOutputStream:75 - [STDERR_REDIRECT] Jan 20, 2025 1:00:11 AM java.util.prefs.FileSystemPreferences checkLockFile0ErrorCode
2025-01-20 01:00:11,914 [ERROR] LogOutputStream:75 - [STDERR_REDIRECT] WARNING: Could not lock System prefs. Unix error code 2.
2025-01-20 01:00:11,914 [ERROR] LogOutputStream:75 - [STDERR_REDIRECT] 
2025-01-20 01:00:11,914 [ERROR] LogOutputStream:75 - [STDERR_REDIRECT] Jan 20, 2025 1:00:11 AM java.util.prefs.FileSystemPreferences syncWorld
2025-01-20 01:00:11,914 [ERROR] LogOutputStream:75 - [STDERR_REDIRECT] WARNING: Couldn't flush system prefs: java.util.prefs.BackingStoreException: Couldn't get file lock.
2025-01-20 01:00:11,914 [ERROR] LogOutputStream:75 - [STDERR_REDIRECT] 
2025-01-20 01:00:41,914 [ERROR] LogOutputStream:75 - [STDERR_REDIRECT] Jan 20, 2025 1:00:41 AM java.util.prefs.FileSystemPreferences checkLockFile0ErrorCode
2025-01-20 01:00:41,914 [ERROR] LogOutputStream:75 - [STDERR_REDIRECT] WARNING: Could not lock System prefs. Unix error code 2.
2025-01-20 01:00:41,914 [ERROR] LogOutputStream:75 - [STDERR_REDIRECT] 
2025-01-20 01:00:41,915 [ERROR] LogOutputStream:75 - [STDERR_REDIRECT] Jan 20, 2025 1:00:41 AM java.util.prefs.FileSystemPreferences syncWorld
2025-01-20 01:00:41,915 [ERROR] LogOutputStream:75 - [STDERR_REDIRECT] WARNING: Couldn't flush system prefs: java.util.prefs.BackingStoreException: Couldn't get file lock.
2025-01-20 01:00:41,915 [ERROR] LogOutputStream:75 - [STDERR_REDIRECT] 
2025-01-20 01:01:11,915 [ERROR] LogOutputStream:75 - [STDERR_REDIRECT] Jan 20, 2025 1:01:11 AM java.util.prefs.FileSystemPreferences checkLockFile0ErrorCode
2025-01-20 01:01:11,915 [ERROR] LogOutputStream:75 - [STDERR_REDIRECT] WARNING: Could not lock System prefs. Unix error code 2.
2025-01-20 01:01:11,915 [ERROR] LogOutputStream:75 - [STDERR_REDIRECT] 
2025-01-20 01:01:11,916 [ERROR] LogOutputStream:75 - [STDERR_REDIRECT] Jan 20, 2025 1:01:11 AM java.util.prefs.FileSystemPreferences syncWorld
2025-01-20 01:01:11,916 [ERROR] LogOutputStream:75 - [STDERR_REDIRECT] WARNING: Couldn't flush system prefs: java.util.prefs.BackingStoreException: Couldn't get file lock.
2025-01-20 01:01:11,916 [ERROR] LogOutputStream:75 - [STDERR_REDIRECT] 
2025-01-20 01:01:18,128 [ERROR] LogOutputStream:75 - [STDERR_REDIRECT] 
2025-01-20 01:01:18,128 [ERROR] LogOutputStream:75 - [STDERR_REDIRECT] 
2025-01-20 01:09:52,473 [INFO] Activator:176 - 


2025-01-20 01:09:52,474 [INFO] Activator:177 - !SESSION log4j initialized
2025-01-20 01:09:54,732 [INFO] LogOutputStream:77 - [STDOUT_REDIRECT] 
2025-01-20 01:09:56,337 [INFO] ApplicationProperties:184 - Using Application install path: /opt/st/stm32cubeide_1.17.0/plugins/com.st.stm32cube.common.mx_6.13.0.202411220809
2025-01-20 01:09:56,351 [INFO] DbMcusXml:78 - Set database path to: /opt/st/stm32cubeide_1.17.0/plugins/com.st.stm32cube.common.mx_6.13.0.202411220809//db//mcu/
2025-01-20 01:09:56,351 [INFO] ApiDb:274 - Set plugin database path to: /opt/st/stm32cubeide_1.17.0/plugins/com.st.stm32cube.common.mx_6.13.0.202411220809//db//plugins/boardmanager/
2025-01-20 01:09:56,351 [WARN] ApiDb:259 - Overriding images path with different value:  => /opt/st/stm32cubeide_1.17.0/plugins/com.st.stm32cube.common.mx_6.13.0.202411220809//db//plugins/mcufinder/images/
2025-01-20 01:09:56,354 [INFO] ApiDb:250 - Set database path to: /home/mykola/.stmcufinder/plugins/mcufinder//mcu/
2025-01-20 01:09:56,355 [INFO] DbMcusAds:125 - Set database path to: /home/mykola/.stmcufinder/plugins/mcufinder//mcu/
2025-01-20 01:09:56,357 [INFO] CrossReferenceDbSqlite:203 - Set database path to: /home/mykola/.stmcufinder/plugins/mcufinder//mcu/cs/
2025-01-20 01:09:56,441 [INFO] RulesReader:64 - Compatibility file has been processed (297 Rules)
2025-01-20 01:09:56,488 [INFO] DbMcusXml:78 - Set database path to: /opt/st/stm32cubeide_1.17.0/plugins/com.st.stm32cube.common.mx_6.13.0.202411220809//db//mcu/
2025-01-20 01:09:56,488 [INFO] ApiDb:274 - Set plugin database path to: /opt/st/stm32cubeide_1.17.0/plugins/com.st.stm32cube.common.mx_6.13.0.202411220809//db//plugins/boardmanager/
2025-01-20 01:09:56,488 [INFO] ApiDb:261 - Set plugin images path to: /opt/st/stm32cubeide_1.17.0/plugins/com.st.stm32cube.common.mx_6.13.0.202411220809//db//plugins/mcufinder/images/
2025-01-20 01:09:56,489 [WARN] DbFile:41 - Overriding database path with different value: /home/mykola/.stmcufinder/plugins/mcufinder/ => /home/mykola/.stmcufinder/plugins/mcufinder
2025-01-20 01:09:56,489 [INFO] ApiDb:250 - Set database path to: /home/mykola/.stmcufinder/plugins/mcufinder//mcu/
2025-01-20 01:09:56,489 [WARN] DbFile:41 - Overriding database path with different value: /home/mykola/.stmcufinder/plugins/mcufinder/ => /home/mykola/.stmcufinder/plugins/mcufinder
2025-01-20 01:09:56,489 [INFO] DbMcusAds:125 - Set database path to: /home/mykola/.stmcufinder/plugins/mcufinder//mcu/
2025-01-20 01:09:56,489 [WARN] DbFile:41 - Overriding database path with different value: /home/mykola/.stmcufinder/plugins/mcufinder/ => /home/mykola/.stmcufinder/plugins/mcufinder
2025-01-20 01:09:56,489 [WARN] DbFile:41 - Overriding database path with different value: /home/mykola/.stmcufinder/plugins/mcufinder/ => /home/mykola/.stmcufinder/plugins/mcufinder
2025-01-20 01:09:56,489 [INFO] CrossReferenceDbSqlite:203 - Set database path to: /home/mykola/.stmcufinder/plugins/mcufinder//mcu/cs/
2025-01-20 01:09:56,541 [INFO] MainPanel:272 - HeapMemory: 268435456
2025-01-20 01:09:56,617 [INFO] DbMcusXml:78 - Set database path to: /opt/st/stm32cubeide_1.17.0/plugins/com.st.stm32cube.common.mx_6.13.0.202411220809//db//mcu/
2025-01-20 01:09:56,618 [INFO] ApiDb:274 - Set plugin database path to: /opt/st/stm32cubeide_1.17.0/plugins/com.st.stm32cube.common.mx_6.13.0.202411220809//db//plugins/boardmanager/
2025-01-20 01:09:56,618 [INFO] ApiDb:261 - Set plugin images path to: /opt/st/stm32cubeide_1.17.0/plugins/com.st.stm32cube.common.mx_6.13.0.202411220809//db//plugins/mcufinder/images/
2025-01-20 01:09:56,618 [WARN] DbFile:41 - Overriding database path with different value: /home/mykola/.stmcufinder/plugins/mcufinder/ => /home/mykola/.stmcufinder/plugins/mcufinder
2025-01-20 01:09:56,618 [INFO] ApiDb:250 - Set database path to: /home/mykola/.stmcufinder/plugins/mcufinder//mcu/
2025-01-20 01:09:56,618 [WARN] DbFile:41 - Overriding database path with different value: /home/mykola/.stmcufinder/plugins/mcufinder/ => /home/mykola/.stmcufinder/plugins/mcufinder
2025-01-20 01:09:56,618 [INFO] DbMcusAds:125 - Set database path to: /home/mykola/.stmcufinder/plugins/mcufinder//mcu/
2025-01-20 01:09:56,618 [WARN] DbFile:41 - Overriding database path with different value: /home/mykola/.stmcufinder/plugins/mcufinder/ => /home/mykola/.stmcufinder/plugins/mcufinder
2025-01-20 01:09:56,619 [WARN] DbFile:41 - Overriding database path with different value: /home/mykola/.stmcufinder/plugins/mcufinder/ => /home/mykola/.stmcufinder/plugins/mcufinder
2025-01-20 01:09:56,619 [INFO] CrossReferenceDbSqlite:203 - Set database path to: /home/mykola/.stmcufinder/plugins/mcufinder//mcu/cs/
2025-01-20 01:09:56,630 [INFO] ApplicationProperties:184 - Using Application install path: /opt/st/stm32cubeide_1.17.0/plugins/com.st.stm32cube.common.mx_6.13.0.202411220809
2025-01-20 01:09:56,631 [INFO] PluginManage:196 - Search for loadable plugins [exclusion list=, ]
2025-01-20 01:09:56,632 [INFO] PluginManage:310 - Check plugin analytics
2025-01-20 01:09:56,757 [INFO] AnalyticsPlugin:253 - Accepted Software Licenses: 
2025-01-20 01:09:56,757 [INFO] AnalyticsPlugin:255 - Accepted CMSIS Pack Licenses: 
2025-01-20 01:09:56,757 [INFO] AnalyticsPlugin:257 - Accepted Firmware Licenses: 
2025-01-20 01:09:56,759 [INFO] PluginManage:359 - Loaded plugin analytics (category:tool,tabindex:-1)
2025-01-20 01:09:56,759 [INFO] PluginManage:310 - Check plugin cadmodel
2025-01-20 01:09:56,762 [INFO] CADModel:105 - Init CAD model plugin
2025-01-20 01:09:56,762 [INFO] PluginManage:359 - Loaded plugin cadmodel (category:power,tabindex:5)
2025-01-20 01:09:56,763 [INFO] PluginManage:310 - Check plugin clock
2025-01-20 01:09:56,769 [INFO] PluginManage:359 - Loaded plugin clock (category:base,tabindex:2)
2025-01-20 01:09:56,769 [INFO] PluginManage:310 - Check plugin ddr
2025-01-20 01:09:56,770 [INFO] PluginManage:359 - Loaded plugin ddr (category:tool,tabindex:6)
2025-01-20 01:09:56,770 [INFO] PluginManage:310 - Check plugin filemanager
2025-01-20 01:09:56,864 [INFO] PluginManage:359 - Loaded plugin filemanager (category:base,tabindex:10)
2025-01-20 01:09:56,864 [INFO] PluginManage:310 - Check plugin ipmanager
2025-01-20 01:09:56,867 [INFO] PluginManage:359 - Loaded plugin ipmanager (category:base,tabindex:5)
2025-01-20 01:09:56,868 [INFO] PluginManage:310 - Check plugin lpbam
2025-01-20 01:09:56,873 [INFO] PluginManage:359 - Loaded plugin lpbam (category:base,tabindex:0)
2025-01-20 01:09:56,873 [INFO] PluginManage:310 - Check plugin memorymap
2025-01-20 01:09:56,879 [INFO] PluginManage:359 - Loaded plugin memorymap (category:base,tabindex:4)
2025-01-20 01:09:56,880 [INFO] PluginManage:310 - Check plugin pinoutandconfiguration
2025-01-20 01:09:56,884 [INFO] PluginManage:359 - Loaded plugin pinoutandconfiguration (category:base,tabindex:1)
2025-01-20 01:09:56,885 [INFO] PluginManage:310 - Check plugin pinoutconfig
2025-01-20 01:09:56,939 [WARN] SupportedApi:132 - Cannot load RTOS API schema: s4s-elt-must-match.1: The content of 'definitions' must match (annotation?, (simpleType | complexType)?, (unique | key | keyref)*)). A problem was found starting at: attribute.
2025-01-20 01:09:57,015 [INFO] PluginManage:359 - Loaded plugin pinoutconfig (category:base,tabindex:0)
2025-01-20 01:09:57,015 [INFO] PluginManage:310 - Check plugin power
2025-01-20 01:09:57,019 [INFO] PluginManage:359 - Loaded plugin power (category:power,tabindex:4)
2025-01-20 01:09:57,019 [INFO] PluginManage:310 - Check plugin projectmanager
2025-01-20 01:09:57,030 [INFO] PluginManage:359 - Loaded plugin projectmanager (category:projectmanager,tabindex:4)
2025-01-20 01:09:57,030 [INFO] PluginManage:310 - Check plugin rif
2025-01-20 01:09:57,034 [INFO] PluginManage:359 - Loaded plugin rif (category:base,tabindex:3)
2025-01-20 01:09:57,034 [INFO] PluginManage:310 - Check plugin thirdparty
2025-01-20 01:09:57,109 [INFO] PluginManage:359 - Loaded plugin thirdparty (category:base,tabindex:-1)
2025-01-20 01:09:57,108 [WARN] IntegrityCheckThread:84 - waiting for thirdparty lock release [integrity check]
2025-01-20 01:09:57,109 [INFO] PluginManage:310 - Check plugin tools
2025-01-20 01:09:57,109 [INFO] IntegrityCheckThread:86 - entering critical section [integrity check]
2025-01-20 01:09:57,109 [INFO] ThirdPartyUpdaterWithRetryManager:70 - Updater plugin not ready yet. [1/15]
2025-01-20 01:09:57,110 [INFO] PluginManage:359 - Loaded plugin tools (category:base,tabindex:7)
2025-01-20 01:09:57,111 [INFO] PluginManage:310 - Check plugin tutovideos
2025-01-20 01:09:57,208 [INFO] PluginManage:359 - Loaded plugin tutovideos (category:base,tabindex:-1)
2025-01-20 01:09:57,208 [INFO] PluginManage:310 - Check plugin updater
2025-01-20 01:09:57,222 [INFO] PluginManage:359 - Loaded plugin updater (category:base,tabindex:12)
2025-01-20 01:09:57,222 [INFO] PluginManage:310 - Check plugin userauth
2025-01-20 01:09:57,224 [INFO] UserAuth:118 - Init User Auth plugin
2025-01-20 01:09:57,225 [INFO] PluginManage:359 - Loaded plugin userauth (category:base,tabindex:14)
2025-01-20 01:09:57,225 [INFO] PluginManage:283 - PluginManage : Loaded plugins [18]
2025-01-20 01:09:57,335 [INFO] PinOutPanel:1589 - setPackage(No Configuration,No Configuration)
2025-01-20 01:09:57,392 [INFO] CADModel:165 - CPN selected for project level
2025-01-20 01:09:57,392 [INFO] CADModel:114 - Register for checkConnection events
2025-01-20 01:09:57,406 [INFO] IPUIPlugin:80 - create IPUIPlugin
2025-01-20 01:09:57,407 [INFO] PluginManager:220 - loadIPPluginJar : add adc
2025-01-20 01:09:57,409 [INFO] IPUIPlugin:80 - create IPUIPlugin
2025-01-20 01:09:57,409 [INFO] PluginManager:220 - loadIPPluginJar : add aes
2025-01-20 01:09:57,411 [INFO] IPUIPlugin:80 - create IPUIPlugin
2025-01-20 01:09:57,411 [INFO] PluginManager:220 - loadIPPluginJar : add can
2025-01-20 01:09:57,413 [INFO] IPUIPlugin:80 - create IPUIPlugin
2025-01-20 01:09:57,413 [INFO] PluginManager:220 - loadIPPluginJar : add comp
2025-01-20 01:09:57,414 [INFO] IPUIPlugin:80 - create IPUIPlugin
2025-01-20 01:09:57,414 [INFO] PluginManager:220 - loadIPPluginJar : add cryp
2025-01-20 01:09:57,416 [INFO] IPUIPlugin:80 - create IPUIPlugin
2025-01-20 01:09:57,416 [INFO] PluginManager:220 - loadIPPluginJar : add ddr_ctrl_phy
2025-01-20 01:09:57,419 [INFO] IPUIPlugin:80 - create IPUIPlugin
2025-01-20 01:09:57,419 [INFO] PluginManager:220 - loadIPPluginJar : add dfsdm
2025-01-20 01:09:57,424 [INFO] IPUIPlugin:80 - create IPUIPlugin
2025-01-20 01:09:57,424 [INFO] PluginManager:220 - loadIPPluginJar : add dma
2025-01-20 01:09:57,426 [INFO] IPUIPlugin:80 - create IPUIPlugin
2025-01-20 01:09:57,426 [INFO] PluginManager:220 - loadIPPluginJar : add dma3
2025-01-20 01:09:57,428 [INFO] IPUIPlugin:80 - create IPUIPlugin
2025-01-20 01:09:57,428 [INFO] PluginManager:220 - loadIPPluginJar : add extmemmanager
2025-01-20 01:09:57,430 [INFO] IPUIPlugin:80 - create IPUIPlugin
2025-01-20 01:09:57,430 [INFO] PluginManager:220 - loadIPPluginJar : add fatfs
2025-01-20 01:09:57,433 [INFO] IPUIPlugin:80 - create IPUIPlugin
2025-01-20 01:09:57,433 [INFO] PluginManager:220 - loadIPPluginJar : add fmc
2025-01-20 01:09:57,437 [INFO] IPUIPlugin:80 - create IPUIPlugin
2025-01-20 01:09:57,437 [INFO] PluginManager:220 - loadIPPluginJar : add freertos
2025-01-20 01:09:57,438 [INFO] IPUIPlugin:80 - create IPUIPlugin
2025-01-20 01:09:57,438 [INFO] PluginManager:220 - loadIPPluginJar : add genericplugin
2025-01-20 01:09:57,440 [INFO] IPUIPlugin:80 - create IPUIPlugin
2025-01-20 01:09:57,440 [INFO] PluginManager:220 - loadIPPluginJar : add gfxmmu
2025-01-20 01:09:57,443 [INFO] IPUIPlugin:80 - create IPUIPlugin
2025-01-20 01:09:57,444 [INFO] PluginManager:220 - loadIPPluginJar : add gic
2025-01-20 01:09:57,447 [INFO] IPUIPlugin:80 - create IPUIPlugin
2025-01-20 01:09:57,447 [INFO] PluginManager:220 - loadIPPluginJar : add gpio
2025-01-20 01:09:57,449 [INFO] IPUIPlugin:80 - create IPUIPlugin
2025-01-20 01:09:57,449 [INFO] PluginManager:220 - loadIPPluginJar : add gtzc
2025-01-20 01:09:57,451 [INFO] IPUIPlugin:80 - create IPUIPlugin
2025-01-20 01:09:57,451 [INFO] PluginManager:220 - loadIPPluginJar : add hash
2025-01-20 01:09:57,453 [INFO] IPUIPlugin:80 - create IPUIPlugin
2025-01-20 01:09:57,453 [INFO] PluginManager:220 - loadIPPluginJar : add i2c
2025-01-20 01:09:57,455 [INFO] IPUIPlugin:80 - create IPUIPlugin
2025-01-20 01:09:57,455 [INFO] PluginManager:220 - loadIPPluginJar : add i2s
2025-01-20 01:09:57,457 [INFO] IPUIPlugin:80 - create IPUIPlugin
2025-01-20 01:09:57,458 [INFO] PluginManager:220 - loadIPPluginJar : add i3c
2025-01-20 01:09:57,461 [INFO] IPUIPlugin:80 - create IPUIPlugin
2025-01-20 01:09:57,461 [INFO] PluginManager:220 - loadIPPluginJar : add ipddr
2025-01-20 01:09:57,467 [INFO] IPUIPlugin:80 - create IPUIPlugin
2025-01-20 01:09:57,467 [INFO] PluginManager:220 - loadIPPluginJar : add linkedlist
2025-01-20 01:09:57,470 [INFO] IPUIPlugin:80 - create IPUIPlugin
2025-01-20 01:09:57,470 [INFO] PluginManager:220 - loadIPPluginJar : add lorawan
2025-01-20 01:09:57,471 [INFO] IPUIPlugin:80 - create IPUIPlugin
2025-01-20 01:09:57,471 [INFO] PluginManager:220 - loadIPPluginJar : add ltdc
2025-01-20 01:09:57,476 [INFO] IPUIPlugin:80 - create IPUIPlugin
2025-01-20 01:09:57,477 [INFO] PluginManager:220 - loadIPPluginJar : add mdma
2025-01-20 01:09:57,480 [INFO] IPUIPlugin:80 - create IPUIPlugin
2025-01-20 01:09:57,481 [INFO] PluginManager:220 - loadIPPluginJar : add nvic
2025-01-20 01:09:57,483 [INFO] IPUIPlugin:80 - create IPUIPlugin
2025-01-20 01:09:57,483 [INFO] PluginManager:220 - loadIPPluginJar : add opamp
2025-01-20 01:09:57,485 [INFO] IPUIPlugin:80 - create IPUIPlugin
2025-01-20 01:09:57,486 [INFO] PluginManager:220 - loadIPPluginJar : add openamp
2025-01-20 01:09:57,488 [INFO] IPUIPlugin:80 - create IPUIPlugin
2025-01-20 01:09:57,488 [INFO] PluginManager:220 - loadIPPluginJar : add pdm2pcm
2025-01-20 01:09:57,493 [INFO] IPUIPlugin:80 - create IPUIPlugin
2025-01-20 01:09:57,497 [INFO] PluginManager:220 - loadIPPluginJar : add plateformsettings
2025-01-20 01:09:57,498 [INFO] IPUIPlugin:80 - create IPUIPlugin
2025-01-20 01:09:57,498 [INFO] PluginManager:220 - loadIPPluginJar : add quadspi
2025-01-20 01:09:57,500 [INFO] IPUIPlugin:80 - create IPUIPlugin
2025-01-20 01:09:57,501 [INFO] PluginManager:220 - loadIPPluginJar : add radio
2025-01-20 01:09:57,503 [INFO] IPUIPlugin:80 - create IPUIPlugin
2025-01-20 01:09:57,504 [INFO] PluginManager:220 - loadIPPluginJar : add resmgrutility
2025-01-20 01:09:57,506 [INFO] IPUIPlugin:80 - create IPUIPlugin
2025-01-20 01:09:57,506 [INFO] PluginManager:220 - loadIPPluginJar : add sai
2025-01-20 01:09:57,508 [INFO] IPUIPlugin:80 - create IPUIPlugin
2025-01-20 01:09:57,508 [INFO] PluginManager:220 - loadIPPluginJar : add spi
2025-01-20 01:09:57,514 [INFO] IPUIPlugin:80 - create IPUIPlugin
2025-01-20 01:09:57,514 [INFO] PluginManager:220 - loadIPPluginJar : add stm32_wpan
2025-01-20 01:09:57,516 [INFO] IPUIPlugin:80 - create IPUIPlugin
2025-01-20 01:09:57,516 [INFO] PluginManager:220 - loadIPPluginJar : add tim
2025-01-20 01:09:57,518 [INFO] IPUIPlugin:80 - create IPUIPlugin
2025-01-20 01:09:57,519 [INFO] PluginManager:220 - loadIPPluginJar : add touchsensing
2025-01-20 01:09:57,520 [INFO] IPUIPlugin:80 - create IPUIPlugin
2025-01-20 01:09:57,520 [INFO] PluginManager:220 - loadIPPluginJar : add tracer_emb
2025-01-20 01:09:57,522 [INFO] IPUIPlugin:80 - create IPUIPlugin
2025-01-20 01:09:57,522 [INFO] PluginManager:220 - loadIPPluginJar : add ts
2025-01-20 01:09:57,523 [INFO] IPUIPlugin:80 - create IPUIPlugin
2025-01-20 01:09:57,524 [INFO] PluginManager:220 - loadIPPluginJar : add tsc
2025-01-20 01:09:57,525 [INFO] IPUIPlugin:80 - create IPUIPlugin
2025-01-20 01:09:57,525 [INFO] PluginManager:220 - loadIPPluginJar : add ucpd
2025-01-20 01:09:57,528 [INFO] IPUIPlugin:80 - create IPUIPlugin
2025-01-20 01:09:57,528 [INFO] PluginManager:220 - loadIPPluginJar : add usart
2025-01-20 01:09:57,530 [INFO] IPUIPlugin:80 - create IPUIPlugin
2025-01-20 01:09:57,530 [INFO] PluginManager:220 - loadIPPluginJar : add usbx
2025-01-20 01:09:57,627 [FATAL] Updater:351 - Updater called before beeing initialized
2025-01-20 01:09:57,645 [INFO] RulesReader:64 - Compatibility file has been processed (297 Rules)
2025-01-20 01:09:57,653 [INFO] RulesReader:64 - Compatibility file has been processed (297 Rules)
2025-01-20 01:09:57,661 [INFO] CADModel:165 - CPN selected for project level
2025-01-20 01:09:57,661 [INFO] CADModel:114 - Register for checkConnection events
2025-01-20 01:09:57,661 [FATAL] Updater:351 - Updater called before beeing initialized
2025-01-20 01:09:57,662 [ERROR] CADModel:125 - Updater not yet initialized, retry later 
2025-01-20 01:09:57,753 [FATAL] Updater:351 - Updater called before beeing initialized
2025-01-20 01:09:57,755 [INFO] CADModel:165 - CPN selected for project level
2025-01-20 01:09:57,755 [INFO] CADModel:114 - Register for checkConnection events
2025-01-20 01:09:57,755 [FATAL] Updater:351 - Updater called before beeing initialized
2025-01-20 01:09:57,755 [ERROR] CADModel:125 - Updater not yet initialized, retry later 
2025-01-20 01:09:57,758 [FATAL] Updater:351 - Updater called before beeing initialized
2025-01-20 01:09:57,824 [FATAL] Updater:351 - Updater called before beeing initialized
2025-01-20 01:09:57,828 [INFO] DbMcusAds:53 - JSON generation date=Tue Dec 17 18:01:15 EET 2024 (1734451275143)
2025-01-20 01:09:57,828 [FATAL] Updater:351 - Updater called before beeing initialized
2025-01-20 01:09:57,853 [WARN] DetailPanel:346 - Failed to get advertising image, set to default
2025-01-20 01:09:58,037 [FATAL] Updater:351 - Updater called before beeing initialized
2025-01-20 01:09:58,038 [FATAL] Updater:351 - Updater called before beeing initialized
2025-01-20 01:09:58,038 [FATAL] Updater:351 - Updater called before beeing initialized
2025-01-20 01:09:58,039 [WARN] DetailPanel:346 - Failed to get advertising image, set to default
2025-01-20 01:09:58,039 [FATAL] Updater:351 - Updater called before beeing initialized
2025-01-20 01:09:58,067 [ERROR] Updater:1198 - MainUpdater not yet initialized. External WinMGr cannot be set.
2025-01-20 01:09:58,068 [INFO] Updater:1134 - Updater Version found : 6.13.0
2025-01-20 01:09:58,081 [INFO] ApplicationProperties:184 - Using Application install path: /opt/st/stm32cubeide_1.17.0/plugins/com.st.stm32cube.common.mx_6.13.0.202411220809
2025-01-20 01:09:58,278 [INFO] MainUpdater:2872 - connection check result : 10
2025-01-20 01:09:58,279 [INFO] MainUpdater:289 - Updater Check For Update Now.
2025-01-20 01:09:58,279 [INFO] MicroXplorer:498 - Change Database Version : DB.6.0.130
2025-01-20 01:09:58,282 [INFO] McuFinderGlobals:63 - Set McuFinder mode to 2 (CubeIDE integrated)
2025-01-20 01:09:58,282 [INFO] UserAuth:171 - activating auth plugin
2025-01-20 01:09:58,285 [INFO] UserAuth:486 - Internet connection configuration mode: 1
2025-01-20 01:09:58,297 [INFO] JxBrowserEngine:152 - Initiate JxBrowser Engine with user profile folder
2025-01-20 01:09:58,441 [INFO] CheckServerUpdateThread:120 - End of CheckServer Thread
2025-01-20 01:09:58,814 [INFO] WebApp:168 - Instantiating new browser for Auth
2025-01-20 01:09:59,238 [INFO] WebApp:449 - Apply proxy settings
2025-01-20 01:09:59,239 [INFO] WebApp:534 - Chromium requires no authentication
2025-01-20 01:09:59,244 [INFO] WebApp:477 - Direct internet connection detected
2025-01-20 01:09:59,258 [INFO] WebApp:880 - Register for checkConnection events
2025-01-20 01:09:59,258 [INFO] WebApp:449 - Apply proxy settings
2025-01-20 01:09:59,258 [INFO] WebApp:534 - Chromium requires no authentication
2025-01-20 01:09:59,259 [INFO] WebApp:477 - Direct internet connection detected
2025-01-20 01:09:59,357 [INFO] WebApp:221 - Starting web application
2025-01-20 01:09:59,357 [INFO] WebApp:579 - Web application path used /opt/st/stm32cubeide_1.17.0/plugins/com.st.stm32cube.common.mx_6.13.0.202411220809/db/plugins/mcufinder/reactClient1/index.html
2025-01-20 01:09:59,623 [INFO] WebApp:187 - Connection restablished
2025-01-20 01:10:00,200 [WARN] PackLoader:240 - Cannot read IP mode file for STMicroelectronics.FP-SNS-MOTENVWB1.1.4.0
2025-01-20 01:10:00,206 [WARN] PackLoader:240 - Cannot read IP mode file for STMicroelectronics.FP-ATR-ASTRA1.2.0.1
2025-01-20 01:10:00,210 [WARN] PackLoader:240 - Cannot read IP mode file for STMicroelectronics.X-CUBE-SMBUS.2.1.0
2025-01-20 01:10:00,216 [WARN] PackLoader:240 - Cannot read IP mode file for STMicroelectronics.X-CUBE-WB05N.1.1.0
2025-01-20 01:10:00,237 [WARN] PackLoader:240 - Cannot read IP mode file for STMicroelectronics.X-CUBE-AZRTOS-F7.1.1.0
2025-01-20 01:10:00,243 [WARN] PackLoader:240 - Cannot read IP mode file for STMicroelectronics.FP-SNS-FLIGHT1.5.0.2
2025-01-20 01:10:00,267 [WARN] PackLoader:240 - Cannot read IP mode file for Infineon.AIROC-Wi-Fi-Bluetooth-STM32.1.7.0
2025-01-20 01:10:00,281 [WARN] PackLoader:240 - Cannot read IP mode file for STMicroelectronics.X-CUBE-DISPLAY.3.0.0
2025-01-20 01:10:00,289 [WARN] PackLoader:240 - Cannot read IP mode file for STMicroelectronics.X-CUBE-BLE1.7.0.0
2025-01-20 01:10:00,308 [WARN] PackLoader:240 - Cannot read IP mode file for STMicroelectronics.X-CUBE-NFC10.1.0.0
2025-01-20 01:10:00,323 [WARN] PackLoader:240 - Cannot read IP mode file for STMicroelectronics.X-CUBE-BLEMGR.4.0.0
2025-01-20 01:10:00,332 [WARN] PackLoader:240 - Cannot read IP mode file for emotas.I-CUBE-CANOPEN.1.3.0
2025-01-20 01:10:00,337 [WARN] PackLoader:240 - Cannot read IP mode file for STMicroelectronics.FP-SNS-SMARTAG2.1.2.0
2025-01-20 01:10:00,372 [WARN] PackLoader:240 - Cannot read IP mode file for STMicroelectronics.X-CUBE-MEMS1.11.1.0
2025-01-20 01:10:00,478 [INFO] LogOutputStream:77 - [STDOUT_REDIRECT] 1 : Invalid condition id : UX_CORESTACK_Condition cause : null
2025-01-20 01:10:00,479 [INFO] LogOutputStream:77 - [STDOUT_REDIRECT] 1 : Invalid condition id : UX_CORESTACK_Condition cause : null
2025-01-20 01:10:00,479 [INFO] LogOutputStream:77 - [STDOUT_REDIRECT] 1 : Invalid condition id : UX_CORESTACK_Condition cause : null
2025-01-20 01:10:00,480 [INFO] LogOutputStream:77 - [STDOUT_REDIRECT] 1 : Invalid condition id : UX_CORESTACK_Condition cause : null
2025-01-20 01:10:00,481 [INFO] LogOutputStream:77 - [STDOUT_REDIRECT] 1 : Invalid condition id : UX_CORESTACK_Condition cause : null
2025-01-20 01:10:00,483 [WARN] PackLoader:240 - Cannot read IP mode file for STMicroelectronics.X-CUBE-AZRTOS-WL.2.0.0
2025-01-20 01:10:00,488 [WARN] PackLoader:240 - Cannot read IP mode file for STMicroelectronics.FP-SNS-MOTENV1.5.0.0
2025-01-20 01:10:00,491 [WARN] PackLoader:240 - Cannot read IP mode file for wolfSSL.I-CUBE-wolfMQTT.1.19.0
2025-01-20 01:10:00,497 [WARN] PackLoader:240 - Cannot read IP mode file for WES.I-CUBE-Cesium.1.3.0
2025-01-20 01:10:00,501 [WARN] PackLoader:240 - Cannot read IP mode file for STMicroelectronics.X-CUBE-BLE2.3.3.0
2025-01-20 01:10:00,505 [WARN] PackLoader:240 - Cannot read IP mode file for STMicroelectronics.X-CUBE-NFC9.1.0.0
2025-01-20 01:10:00,517 [WARN] PackLoader:240 - Cannot read IP mode file for STMicroelectronics.X-CUBE-AZRTOS-G0.1.1.0
2025-01-20 01:10:00,522 [WARN] PackLoader:240 - Cannot read IP mode file for STMicroelectronics.X-CUBE-SAFEA1.1.2.2
2025-01-20 01:10:00,526 [WARN] PackLoader:240 - Cannot read IP mode file for STMicroelectronics.X-CUBE-NFC4.3.0.0
2025-01-20 01:10:00,532 [WARN] PackLoader:240 - Cannot read IP mode file for EmbeddedOffice.I-CUBE-FS-RTOS.1.0.1
2025-01-20 01:10:00,536 [WARN] PackLoader:240 - Cannot read IP mode file for STMicroelectronics.X-CUBE-TCPP.4.2.0
2025-01-20 01:10:00,540 [WARN] PackLoader:240 - Cannot read IP mode file for RealThread.X-CUBE-RT-Thread_Nano.4.1.1
2025-01-20 01:10:00,543 [WARN] PackLoader:240 - Cannot read IP mode file for STMicroelectronics.FP-ATR-SIGFOX1.3.2.0
2025-01-20 01:10:00,546 [WARN] ConditionMgr:438 - getConditionDescription Invalid condition id : Cortex-A Device cause : null
2025-01-20 01:10:00,557 [WARN] ConditionMgr:1044 - genDependencies : Invalid condition id : Cortex-A Device cause : null
2025-01-20 01:10:00,557 [WARN] ConditionMgr:1044 - genDependencies : Invalid condition id : Cortex-A Device cause : null
2025-01-20 01:10:00,557 [WARN] ConditionMgr:1044 - genDependencies : Invalid condition id : Cortex-A Device cause : null
2025-01-20 01:10:00,561 [WARN] PackLoader:240 - Cannot read IP mode file for STMicroelectronics.X-CUBE-EEPRMA1.5.1.0
2025-01-20 01:10:00,566 [WARN] PackLoader:240 - Cannot read IP mode file for wolfSSL.I-CUBE-wolfSSL.5.7.4
2025-01-20 01:10:00,570 [WARN] PackLoader:240 - Cannot read IP mode file for ITTIA_DB.I-CUBE-ITTIADB.8.9.0
2025-01-20 01:10:00,597 [WARN] PackLoader:240 - Cannot read IP mode file for SEGGER.I-CUBE-embOS.1.3.1
2025-01-20 01:10:00,637 [WARN] PackLoader:240 - Cannot read IP mode file for STMicroelectronics.X-CUBE-ALGOBUILD.1.4.0
2025-01-20 01:10:00,641 [WARN] PackLoader:240 - Cannot read IP mode file for STMicroelectronics.X-CUBE-AI.9.1.0
2025-01-20 01:10:00,655 [WARN] PackLoader:240 - Cannot read IP mode file for STMicroelectronics.X-CUBE-AZRTOS-F4.1.1.0
2025-01-20 01:10:00,661 [WARN] PackLoader:240 - Cannot read IP mode file for STMicroelectronics.X-CUBE-ISPU.2.1.0
2025-01-20 01:10:00,675 [WARN] PackLoader:240 - Cannot read IP mode file for STMicroelectronics.X-CUBE-AZRTOS-L5.2.0.0
2025-01-20 01:10:00,685 [WARN] PackLoader:240 - Cannot read IP mode file for STMicroelectronics.X-CUBE-NFC6.3.1.0
2025-01-20 01:10:00,691 [WARN] PackLoader:240 - Cannot read IP mode file for STMicroelectronics.X-CUBE-DPower.1.2.0
2025-01-20 01:10:00,695 [WARN] PackLoader:240 - Cannot read IP mode file for STMicroelectronics.X-CUBE-FREERTOS.1.3.0
2025-01-20 01:10:00,701 [WARN] PackLoader:240 - Cannot read IP mode file for STMicroelectronics.X-CUBE-NFC7.1.0.1
2025-01-20 01:10:00,715 [WARN] ConditionMgr:438 - getConditionDescription Invalid condition id : LAN8742 Phy interface Condition cause : null
2025-01-20 01:10:00,716 [WARN] PackLoader:240 - Cannot read IP mode file for STMicroelectronics.X-CUBE-AZRTOS-L4.2.0.0
2025-01-20 01:10:00,717 [WARN] ConditionMgr:1044 - genDependencies : Invalid condition id : LAN8742 Phy interface Condition cause : null
2025-01-20 01:10:00,718 [WARN] ConditionMgr:1044 - genDependencies : Invalid condition id : LAN8742 Phy interface Condition cause : null
2025-01-20 01:10:00,719 [WARN] ConditionMgr:1044 - genDependencies : Invalid condition id : LAN8742 Phy interface Condition cause : null
2025-01-20 01:10:00,725 [WARN] PackLoader:240 - Cannot read IP mode file for STMicroelectronics.X-CUBE-SFXS2LP1.4.0.0
2025-01-20 01:10:00,741 [WARN] PackLoader:240 - Cannot read IP mode file for STMicroelectronics.X-CUBE-AZRTOS-H7.3.3.0
2025-01-20 01:10:00,753 [WARN] ConditionMgr:438 - getConditionDescription Invalid condition id : UX DEVICE CLASS RTOS Condition cause : null
2025-01-20 01:10:00,754 [WARN] ConditionMgr:438 - getConditionDescription Invalid condition id : UX DEVICE CLASS RTOS Condition cause : null
2025-01-20 01:10:00,756 [WARN] PackLoader:240 - Cannot read IP mode file for STMicroelectronics.X-CUBE-AZRTOS-WB.2.0.0
2025-01-20 01:10:00,757 [WARN] ConditionMgr:1044 - genDependencies : Invalid condition id : UX DEVICE CLASS RTOS Condition cause : null
2025-01-20 01:10:00,757 [WARN] ConditionMgr:1044 - genDependencies : Invalid condition id : UX DEVICE CLASS RTOS Condition cause : null
2025-01-20 01:10:00,757 [WARN] ConditionMgr:1044 - genDependencies : Invalid condition id : UX DEVICE CLASS RTOS Condition cause : null
2025-01-20 01:10:00,757 [WARN] ConditionMgr:1044 - genDependencies : Invalid condition id : UX DEVICE CLASS RTOS Condition cause : null
2025-01-20 01:10:00,758 [WARN] ConditionMgr:1044 - genDependencies : Invalid condition id : UX DEVICE CLASS RTOS Condition cause : null
2025-01-20 01:10:00,763 [WARN] PackLoader:240 - Cannot read IP mode file for STMicroelectronics.X-CUBE-GNSS1.7.0.1
2025-01-20 01:10:00,768 [WARN] PackLoader:240 - Cannot read IP mode file for STMicroelectronics.FP-SNS-STBOX1.2.0.0
2025-01-20 01:10:00,778 [WARN] PackLoader:240 - Cannot read IP mode file for STMicroelectronics.X-CUBE-SUBG2.5.0.0
2025-01-20 01:10:00,791 [WARN] PackLoader:240 - Cannot read IP mode file for Cesanta.I-CUBE-Mongoose.7.13.0
2025-01-20 01:10:00,804 [WARN] PackLoader:240 - Cannot read IP mode file for STMicroelectronics.X-CUBE-AZRTOS-G4.2.0.0
2025-01-20 01:10:00,817 [WARN] PackLoader:240 - Cannot read IP mode file for STMicroelectronics.X-CUBE-IPS.3.1.0
2025-01-20 01:10:00,826 [WARN] PackLoader:240 - Cannot read IP mode file for STMicroelectronics.X-CUBE-ALS.1.0.2
2025-01-20 01:10:00,831 [WARN] PackLoader:240 - Cannot read IP mode file for STMicroelectronics.X-CUBE-TOUCHGFX.4.24.2
2025-01-20 01:10:00,834 [WARN] PackLoader:240 - Cannot read IP mode file for wolfSSL.I-CUBE-wolfTPM.3.4.0
2025-01-20 01:10:00,839 [WARN] PackLoader:240 - Cannot read IP mode file for portGmbH.I-Cube-SoM-uGOAL.1.1.0
2025-01-20 01:10:00,868 [WARN] PackLoader:240 - Cannot read IP mode file for STMicroelectronics.X-CUBE-AZRTOS-H7RS.1.0.0
2025-01-20 01:10:00,880 [WARN] PackLoader:240 - Cannot read IP mode file for STMicroelectronics.X-CUBE-TOF1.3.4.2
2025-01-20 01:10:00,893 [WARN] PackLoader:240 - Cannot read IP mode file for wolfSSL.I-CUBE-wolfSSH.1.4.17
2025-01-20 01:10:00,894 [INFO] ThirdParty:978 - Integrity check success = true
2025-01-20 01:10:00,894 [INFO] IntegrityCheckThread:100 - exiting critical section [integrity check]
2025-01-20 01:10:00,894 [INFO] IntegrityCheckThread:103 - End integrity checks thread
2025-01-20 01:10:01,380 [ERROR] LogOutputStream:75 - [STDERR_REDIRECT] 
